2025/05/21 12:10:27 [notice] 1#1: using the "epoll" event method
2025/05/21 12:10:27 [notice] 1#1: nginx/1.25.5
2025/05/21 12:10:27 [notice] 1#1: built by gcc 12.2.0 (Debian 12.2.0-14) 
2025/05/21 12:10:27 [notice] 1#1: OS: Linux 5.15.167.4-microsoft-standard-WSL2
2025/05/21 12:10:27 [notice] 1#1: getrlimit(RLIMIT_NOFILE): 1048576:1048576
2025/05/21 12:10:27 [notice] 1#1: start worker processes
2025/05/21 12:10:27 [notice] 1#1: start worker process 28
2025/05/21 12:10:27 [notice] 1#1: start worker process 29
2025/05/21 12:10:27 [notice] 1#1: start worker process 30
2025/05/21 12:10:27 [notice] 1#1: start worker process 31
2025/05/21 12:10:27 [notice] 1#1: start worker process 32
2025/05/21 12:10:27 [notice] 1#1: start worker process 33
2025/05/21 12:10:27 [notice] 1#1: start worker process 34
2025/05/21 12:10:27 [notice] 1#1: start worker process 35
2025/05/21 12:10:27 [notice] 1#1: start worker process 36
2025/05/21 12:10:27 [notice] 1#1: start worker process 37
2025/05/21 12:10:27 [notice] 1#1: start worker process 38
2025/05/21 12:10:27 [notice] 1#1: start worker process 39
2025/05/21 12:10:27 [notice] 1#1: start worker process 40
2025/05/21 12:10:27 [notice] 1#1: start worker process 41
2025/05/21 12:10:27 [notice] 1#1: start worker process 42
2025/05/21 12:10:27 [notice] 1#1: start worker process 43
2025/05/21 12:10:27 [notice] 1#1: start worker process 44
2025/05/21 12:10:27 [notice] 1#1: start worker process 45
2025/05/21 12:10:27 [notice] 1#1: start worker process 46
2025/05/21 12:10:27 [notice] 1#1: start worker process 47
2025/05/21 12:10:27 [notice] 1#1: start worker process 48
2025/05/21 12:10:27 [notice] 1#1: start worker process 49
2025/05/21 12:10:27 [notice] 1#1: start worker process 50
2025/05/21 12:10:27 [notice] 1#1: start worker process 51
2025/05/21 12:30:04 [notice] 1#1: signal 3 (SIGQUIT) received, shutting down
2025/05/21 12:30:04 [notice] 28#28: gracefully shutting down
2025/05/21 12:30:04 [notice] 30#30: gracefully shutting down
2025/05/21 12:30:04 [notice] 29#29: gracefully shutting down
2025/05/21 12:30:04 [notice] 31#31: gracefully shutting down
2025/05/21 12:30:04 [notice] 28#28: exiting
2025/05/21 12:30:04 [notice] 30#30: exiting
2025/05/21 12:30:04 [notice] 29#29: exiting
2025/05/21 12:30:04 [notice] 32#32: gracefully shutting down
2025/05/21 12:30:04 [notice] 31#31: exiting
2025/05/21 12:30:04 [notice] 33#33: gracefully shutting down
2025/05/21 12:30:04 [notice] 34#34: gracefully shutting down
2025/05/21 12:30:04 [notice] 35#35: gracefully shutting down
2025/05/21 12:30:04 [notice] 32#32: exiting
2025/05/21 12:30:04 [notice] 33#33: exiting
2025/05/21 12:30:04 [notice] 28#28: exit
2025/05/21 12:30:04 [notice] 30#30: exit
2025/05/21 12:30:04 [notice] 31#31: exit
2025/05/21 12:30:04 [notice] 36#36: gracefully shutting down
2025/05/21 12:30:04 [notice] 34#34: exiting
2025/05/21 12:30:04 [notice] 37#37: gracefully shutting down
2025/05/21 12:30:04 [notice] 29#29: exit
2025/05/21 12:30:04 [notice] 35#35: exiting
2025/05/21 12:30:04 [notice] 38#38: gracefully shutting down
2025/05/21 12:30:04 [notice] 32#32: exit
2025/05/21 12:30:04 [notice] 39#39: gracefully shutting down
2025/05/21 12:30:04 [notice] 33#33: exit
2025/05/21 12:30:04 [notice] 36#36: exiting
2025/05/21 12:30:04 [notice] 40#40: gracefully shutting down
2025/05/21 12:30:04 [notice] 38#38: exiting
2025/05/21 12:30:04 [notice] 37#37: exiting
2025/05/21 12:30:04 [notice] 34#34: exit
2025/05/21 12:30:04 [notice] 41#41: gracefully shutting down
2025/05/21 12:30:04 [notice] 39#39: exiting
2025/05/21 12:30:04 [notice] 42#42: gracefully shutting down
2025/05/21 12:30:04 [notice] 35#35: exit
2025/05/21 12:30:04 [notice] 40#40: exiting
2025/05/21 12:30:04 [notice] 43#43: gracefully shutting down
2025/05/21 12:30:04 [notice] 44#44: gracefully shutting down
2025/05/21 12:30:04 [notice] 36#36: exit
2025/05/21 12:30:04 [notice] 41#41: exiting
2025/05/21 12:30:04 [notice] 42#42: exiting
2025/05/21 12:30:04 [notice] 37#37: exit
2025/05/21 12:30:04 [notice] 45#45: gracefully shutting down
2025/05/21 12:30:04 [notice] 39#39: exit
2025/05/21 12:30:04 [notice] 46#46: gracefully shutting down
2025/05/21 12:30:04 [notice] 43#43: exiting
2025/05/21 12:30:04 [notice] 38#38: exit
2025/05/21 12:30:04 [notice] 44#44: exiting
2025/05/21 12:30:04 [notice] 47#47: gracefully shutting down
2025/05/21 12:30:04 [notice] 40#40: exit
2025/05/21 12:30:04 [notice] 45#45: exiting
2025/05/21 12:30:04 [notice] 48#48: gracefully shutting down
2025/05/21 12:30:04 [notice] 42#42: exit
2025/05/21 12:30:04 [notice] 41#41: exit
2025/05/21 12:30:04 [notice] 49#49: gracefully shutting down
2025/05/21 12:30:04 [notice] 46#46: exiting
2025/05/21 12:30:04 [notice] 51#51: gracefully shutting down
2025/05/21 12:30:04 [notice] 47#47: exiting
2025/05/21 12:30:04 [notice] 43#43: exit
2025/05/21 12:30:04 [notice] 44#44: exit
2025/05/21 12:30:04 [notice] 48#48: exiting
2025/05/21 12:30:04 [notice] 45#45: exit
2025/05/21 12:30:04 [notice] 49#49: exiting
2025/05/21 12:30:04 [notice] 51#51: exiting
2025/05/21 12:30:04 [notice] 46#46: exit
2025/05/21 12:30:04 [notice] 47#47: exit
2025/05/21 12:30:04 [notice] 48#48: exit
2025/05/21 12:30:04 [notice] 49#49: exit
2025/05/21 12:30:04 [notice] 51#51: exit
2025/05/21 12:30:04 [notice] 50#50: gracefully shutting down
2025/05/21 12:30:04 [notice] 50#50: exiting
2025/05/21 12:30:04 [notice] 50#50: exit
2025/05/21 12:30:04 [notice] 1#1: signal 17 (SIGCHLD) received from 36
2025/05/21 12:30:04 [notice] 1#1: worker process 36 exited with code 0
2025/05/21 12:30:04 [notice] 1#1: signal 29 (SIGIO) received
2025/05/21 12:30:04 [notice] 1#1: signal 17 (SIGCHLD) received from 37
2025/05/21 12:30:04 [notice] 1#1: worker process 29 exited with code 0
2025/05/21 12:30:04 [notice] 1#1: worker process 33 exited with code 0
2025/05/21 12:30:04 [notice] 1#1: worker process 34 exited with code 0
2025/05/21 12:30:04 [notice] 1#1: worker process 37 exited with code 0
2025/05/21 12:30:04 [notice] 1#1: worker process 42 exited with code 0
2025/05/21 12:30:04 [notice] 1#1: worker process 44 exited with code 0
2025/05/21 12:30:04 [notice] 1#1: signal 29 (SIGIO) received
2025/05/21 12:30:04 [notice] 1#1: signal 17 (SIGCHLD) received from 34
2025/05/21 12:30:04 [notice] 1#1: signal 17 (SIGCHLD) received from 51
2025/05/21 12:30:04 [notice] 1#1: worker process 51 exited with code 0
2025/05/21 12:30:04 [notice] 1#1: signal 29 (SIGIO) received
2025/05/21 12:30:04 [notice] 1#1: signal 17 (SIGCHLD) received from 40
2025/05/21 12:30:04 [notice] 1#1: worker process 30 exited with code 0
2025/05/21 12:30:04 [notice] 1#1: worker process 40 exited with code 0
2025/05/21 12:30:04 [notice] 1#1: signal 29 (SIGIO) received
2025/05/21 12:30:04 [notice] 1#1: signal 17 (SIGCHLD) received from 30
2025/05/21 12:30:04 [notice] 1#1: worker process 32 exited with code 0
2025/05/21 12:30:04 [notice] 1#1: worker process 39 exited with code 0
2025/05/21 12:30:04 [notice] 1#1: worker process 41 exited with code 0
2025/05/21 12:30:04 [notice] 1#1: worker process 48 exited with code 0
2025/05/21 12:30:04 [notice] 1#1: worker process 46 exited with code 0
2025/05/21 12:30:04 [notice] 1#1: signal 29 (SIGIO) received
2025/05/21 12:30:04 [notice] 1#1: signal 17 (SIGCHLD) received from 46
2025/05/21 12:30:04 [notice] 1#1: signal 17 (SIGCHLD) received from 49
2025/05/21 12:30:04 [notice] 1#1: worker process 49 exited with code 0
2025/05/21 12:30:04 [notice] 1#1: signal 29 (SIGIO) received
2025/05/21 12:30:04 [notice] 1#1: signal 17 (SIGCHLD) received from 50
2025/05/21 12:30:04 [notice] 1#1: worker process 28 exited with code 0
2025/05/21 12:30:04 [notice] 1#1: worker process 35 exited with code 0
2025/05/21 12:30:04 [notice] 1#1: worker process 31 exited with code 0
2025/05/21 12:30:04 [notice] 1#1: worker process 38 exited with code 0
2025/05/21 12:30:04 [notice] 1#1: worker process 45 exited with code 0
2025/05/21 12:30:04 [notice] 1#1: worker process 47 exited with code 0
2025/05/21 12:30:04 [notice] 1#1: worker process 50 exited with code 0
2025/05/21 12:30:04 [notice] 1#1: signal 17 (SIGCHLD) received from 28
2025/05/21 12:30:04 [notice] 1#1: worker process 43 exited with code 0
2025/05/21 12:30:04 [notice] 1#1: exit
2025/05/21 12:30:22 [notice] 1#1: using the "epoll" event method
2025/05/21 12:30:22 [notice] 1#1: nginx/1.25.5
2025/05/21 12:30:22 [notice] 1#1: built by gcc 12.2.0 (Debian 12.2.0-14) 
2025/05/21 12:30:22 [notice] 1#1: OS: Linux 5.15.167.4-microsoft-standard-WSL2
2025/05/21 12:30:22 [notice] 1#1: getrlimit(RLIMIT_NOFILE): 1048576:1048576
2025/05/21 12:30:22 [notice] 1#1: start worker processes
2025/05/21 12:30:22 [notice] 1#1: start worker process 28
2025/05/21 12:30:22 [notice] 1#1: start worker process 29
2025/05/21 12:30:22 [notice] 1#1: start worker process 30
2025/05/21 12:30:22 [notice] 1#1: start worker process 31
2025/05/21 12:30:22 [notice] 1#1: start worker process 32
2025/05/21 12:30:22 [notice] 1#1: start worker process 33
2025/05/21 12:30:22 [notice] 1#1: start worker process 34
2025/05/21 12:30:22 [notice] 1#1: start worker process 35
2025/05/21 12:30:22 [notice] 1#1: start worker process 36
2025/05/21 12:30:22 [notice] 1#1: start worker process 37
2025/05/21 12:30:22 [notice] 1#1: start worker process 38
2025/05/21 12:30:22 [notice] 1#1: start worker process 39
2025/05/21 12:30:22 [notice] 1#1: start worker process 40
2025/05/21 12:30:22 [notice] 1#1: start worker process 41
2025/05/21 12:30:22 [notice] 1#1: start worker process 42
2025/05/21 12:30:22 [notice] 1#1: start worker process 43
2025/05/21 12:30:22 [notice] 1#1: start worker process 44
2025/05/21 12:30:22 [notice] 1#1: start worker process 45
2025/05/21 12:30:22 [notice] 1#1: start worker process 46
2025/05/21 12:30:22 [notice] 1#1: start worker process 47
2025/05/21 12:30:22 [notice] 1#1: start worker process 48
2025/05/21 12:30:22 [notice] 1#1: start worker process 49
2025/05/21 12:30:22 [notice] 1#1: start worker process 50
2025/05/21 12:30:22 [notice] 1#1: start worker process 51
2025/05/21 12:35:02 [notice] 1#1: signal 3 (SIGQUIT) received, shutting down
2025/05/21 12:35:02 [notice] 28#28: gracefully shutting down
2025/05/21 12:35:02 [notice] 29#29: gracefully shutting down
2025/05/21 12:35:02 [notice] 28#28: exiting
2025/05/21 12:35:02 [notice] 29#29: exiting
2025/05/21 12:35:02 [notice] 30#30: gracefully shutting down
2025/05/21 12:35:02 [notice] 31#31: gracefully shutting down
2025/05/21 12:35:02 [notice] 32#32: gracefully shutting down
2025/05/21 12:35:02 [notice] 33#33: gracefully shutting down
2025/05/21 12:35:02 [notice] 28#28: exit
2025/05/21 12:35:02 [notice] 30#30: exiting
2025/05/21 12:35:02 [notice] 35#35: gracefully shutting down
2025/05/21 12:35:02 [notice] 31#31: exiting
2025/05/21 12:35:02 [notice] 29#29: exit
2025/05/21 12:35:02 [notice] 34#34: gracefully shutting down
2025/05/21 12:35:02 [notice] 36#36: gracefully shutting down
2025/05/21 12:35:02 [notice] 35#35: exiting
2025/05/21 12:35:02 [notice] 33#33: exiting
2025/05/21 12:35:02 [notice] 32#32: exiting
2025/05/21 12:35:02 [notice] 37#37: gracefully shutting down
2025/05/21 12:35:02 [notice] 38#38: gracefully shutting down
2025/05/21 12:35:02 [notice] 34#34: exiting
2025/05/21 12:35:02 [notice] 31#31: exit
2025/05/21 12:35:02 [notice] 30#30: exit
2025/05/21 12:35:02 [notice] 36#36: exiting
2025/05/21 12:35:02 [notice] 39#39: gracefully shutting down
2025/05/21 12:35:02 [notice] 40#40: gracefully shutting down
2025/05/21 12:35:02 [notice] 37#37: exiting
2025/05/21 12:35:02 [notice] 33#33: exit
2025/05/21 12:35:02 [notice] 32#32: exit
2025/05/21 12:35:02 [notice] 35#35: exit
2025/05/21 12:35:02 [notice] 38#38: exiting
2025/05/21 12:35:02 [notice] 41#41: gracefully shutting down
2025/05/21 12:35:02 [notice] 34#34: exit
2025/05/21 12:35:02 [notice] 36#36: exit
2025/05/21 12:35:02 [notice] 42#42: gracefully shutting down
2025/05/21 12:35:02 [notice] 39#39: exiting
2025/05/21 12:35:02 [notice] 40#40: exiting
2025/05/21 12:35:02 [notice] 43#43: gracefully shutting down
2025/05/21 12:35:02 [notice] 44#44: gracefully shutting down
2025/05/21 12:35:02 [notice] 37#37: exit
2025/05/21 12:35:02 [notice] 41#41: exiting
2025/05/21 12:35:02 [notice] 38#38: exit
2025/05/21 12:35:02 [notice] 45#45: gracefully shutting down
2025/05/21 12:35:02 [notice] 42#42: exiting
2025/05/21 12:35:02 [notice] 46#46: gracefully shutting down
2025/05/21 12:35:02 [notice] 43#43: exiting
2025/05/21 12:35:02 [notice] 39#39: exit
2025/05/21 12:35:02 [notice] 40#40: exit
2025/05/21 12:35:02 [notice] 44#44: exiting
2025/05/21 12:35:02 [notice] 47#47: gracefully shutting down
2025/05/21 12:35:02 [notice] 45#45: exiting
2025/05/21 12:35:02 [notice] 49#49: gracefully shutting down
2025/05/21 12:35:02 [notice] 41#41: exit
2025/05/21 12:35:02 [notice] 42#42: exit
2025/05/21 12:35:02 [notice] 48#48: gracefully shutting down
2025/05/21 12:35:02 [notice] 46#46: exiting
2025/05/21 12:35:02 [notice] 43#43: exit
2025/05/21 12:35:02 [notice] 47#47: exiting
2025/05/21 12:35:02 [notice] 49#49: exiting
2025/05/21 12:35:02 [notice] 45#45: exit
2025/05/21 12:35:02 [notice] 44#44: exit
2025/05/21 12:35:02 [notice] 48#48: exiting
2025/05/21 12:35:02 [notice] 47#47: exit
2025/05/21 12:35:02 [notice] 46#46: exit
2025/05/21 12:35:02 [notice] 49#49: exit
2025/05/21 12:35:02 [notice] 48#48: exit
2025/05/21 12:35:02 [notice] 50#50: gracefully shutting down
2025/05/21 12:35:02 [notice] 50#50: exiting
2025/05/21 12:35:02 [notice] 51#51: gracefully shutting down
2025/05/21 12:35:02 [notice] 50#50: exit
2025/05/21 12:35:02 [notice] 51#51: exiting
2025/05/21 12:35:02 [notice] 51#51: exit
2025/05/21 12:35:02 [notice] 1#1: signal 17 (SIGCHLD) received from 38
2025/05/21 12:35:02 [notice] 1#1: worker process 29 exited with code 0
2025/05/21 12:35:02 [notice] 1#1: worker process 31 exited with code 0
2025/05/21 12:35:02 [notice] 1#1: worker process 38 exited with code 0
2025/05/21 12:35:02 [notice] 1#1: worker process 39 exited with code 0
2025/05/21 12:35:02 [notice] 1#1: worker process 40 exited with code 0
2025/05/21 12:35:02 [notice] 1#1: worker process 42 exited with code 0
2025/05/21 12:35:02 [notice] 1#1: worker process 44 exited with code 0
2025/05/21 12:35:02 [notice] 1#1: worker process 45 exited with code 0
2025/05/21 12:35:02 [notice] 1#1: worker process 46 exited with code 0
2025/05/21 12:35:02 [notice] 1#1: worker process 49 exited with code 0
2025/05/21 12:35:02 [notice] 1#1: worker process 50 exited with code 0
2025/05/21 12:35:02 [notice] 1#1: signal 29 (SIGIO) received
2025/05/21 12:35:02 [notice] 1#1: signal 17 (SIGCHLD) received from 44
2025/05/21 12:35:02 [notice] 1#1: signal 17 (SIGCHLD) received from 43
2025/05/21 12:35:02 [notice] 1#1: worker process 34 exited with code 0
2025/05/21 12:35:02 [notice] 1#1: worker process 36 exited with code 0
2025/05/21 12:35:02 [notice] 1#1: worker process 37 exited with code 0
2025/05/21 12:35:02 [notice] 1#1: worker process 41 exited with code 0
2025/05/21 12:35:02 [notice] 1#1: worker process 43 exited with code 0
2025/05/21 12:35:02 [notice] 1#1: signal 29 (SIGIO) received
2025/05/21 12:35:02 [notice] 1#1: signal 17 (SIGCHLD) received from 34
2025/05/21 12:35:02 [notice] 1#1: signal 17 (SIGCHLD) received from 30
2025/05/21 12:35:02 [notice] 1#1: worker process 30 exited with code 0
2025/05/21 12:35:02 [notice] 1#1: signal 29 (SIGIO) received
2025/05/21 12:35:02 [notice] 1#1: signal 17 (SIGCHLD) received from 32
2025/05/21 12:35:02 [notice] 1#1: worker process 32 exited with code 0
2025/05/21 12:35:02 [notice] 1#1: worker process 47 exited with code 0
2025/05/21 12:35:02 [notice] 1#1: worker process 48 exited with code 0
2025/05/21 12:35:02 [notice] 1#1: worker process 51 exited with code 0
2025/05/21 12:35:02 [notice] 1#1: worker process 28 exited with code 0
2025/05/21 12:35:02 [notice] 1#1: signal 29 (SIGIO) received
2025/05/21 12:35:02 [notice] 1#1: signal 17 (SIGCHLD) received from 51
2025/05/21 12:35:02 [notice] 1#1: signal 17 (SIGCHLD) received from 33
2025/05/21 12:35:02 [notice] 1#1: worker process 33 exited with code 0
2025/05/21 12:35:02 [notice] 1#1: signal 17 (SIGCHLD) received from 35
2025/05/21 12:35:02 [notice] 1#1: worker process 35 exited with code 0
2025/05/21 12:35:02 [notice] 1#1: exit
2025/05/21 12:36:35 [notice] 1#1: using the "epoll" event method
2025/05/21 12:36:35 [notice] 1#1: nginx/1.25.5
2025/05/21 12:36:35 [notice] 1#1: built by gcc 12.2.0 (Debian 12.2.0-14) 
2025/05/21 12:36:35 [notice] 1#1: OS: Linux 5.15.167.4-microsoft-standard-WSL2
2025/05/21 12:36:35 [notice] 1#1: getrlimit(RLIMIT_NOFILE): 1048576:1048576
2025/05/21 12:36:35 [notice] 1#1: start worker processes
2025/05/21 12:36:35 [notice] 1#1: start worker process 28
2025/05/21 12:36:35 [notice] 1#1: start worker process 29
2025/05/21 12:36:35 [notice] 1#1: start worker process 30
2025/05/21 12:36:35 [notice] 1#1: start worker process 31
2025/05/21 12:36:35 [notice] 1#1: start worker process 32
2025/05/21 12:36:35 [notice] 1#1: start worker process 33
2025/05/21 12:36:35 [notice] 1#1: start worker process 34
2025/05/21 12:36:35 [notice] 1#1: start worker process 35
2025/05/21 12:36:35 [notice] 1#1: start worker process 36
2025/05/21 12:36:35 [notice] 1#1: start worker process 37
2025/05/21 12:36:35 [notice] 1#1: start worker process 38
2025/05/21 12:36:35 [notice] 1#1: start worker process 39
2025/05/21 12:36:35 [notice] 1#1: start worker process 40
2025/05/21 12:36:35 [notice] 1#1: start worker process 41
2025/05/21 12:36:35 [notice] 1#1: start worker process 42
2025/05/21 12:36:35 [notice] 1#1: start worker process 43
2025/05/21 12:36:35 [notice] 1#1: start worker process 44
2025/05/21 12:36:35 [notice] 1#1: start worker process 45
2025/05/21 12:36:35 [notice] 1#1: start worker process 46
2025/05/21 12:36:35 [notice] 1#1: start worker process 47
2025/05/21 12:36:35 [notice] 1#1: start worker process 48
2025/05/21 12:36:35 [notice] 1#1: start worker process 49
2025/05/21 12:36:35 [notice] 1#1: start worker process 50
2025/05/21 12:36:35 [notice] 1#1: start worker process 51
2025/05/21 12:38:27 [error] 29#29: *2 connect() failed (113: No route to host) while connecting to upstream, client: 172.27.0.1, server: localhost, request: "POST /api/register HTTP/1.1", upstream: "fastcgi://172.27.0.3:9000", host: "localhost"
2025/05/21 12:38:37 [error] 29#29: *2 connect() failed (113: No route to host) while connecting to upstream, client: 172.27.0.1, server: localhost, request: "POST /api/register HTTP/1.1", upstream: "fastcgi://172.27.0.3:9000", host: "localhost"
2025/05/21 12:38:46 [error] 30#30: *5 connect() failed (113: No route to host) while connecting to upstream, client: 172.27.0.1, server: localhost, request: "GET / HTTP/1.1", upstream: "fastcgi://172.27.0.3:9000", host: "localhost"
2025/05/21 12:39:04 [notice] 1#1: signal 3 (SIGQUIT) received, shutting down
2025/05/21 12:39:04 [notice] 28#28: gracefully shutting down
2025/05/21 12:39:04 [notice] 29#29: gracefully shutting down
2025/05/21 12:39:04 [notice] 28#28: exiting
2025/05/21 12:39:04 [notice] 30#30: gracefully shutting down
2025/05/21 12:39:04 [notice] 31#31: gracefully shutting down
2025/05/21 12:39:04 [notice] 32#32: gracefully shutting down
2025/05/21 12:39:04 [notice] 33#33: gracefully shutting down
2025/05/21 12:39:04 [notice] 28#28: exit
2025/05/21 12:39:04 [notice] 34#34: gracefully shutting down
2025/05/21 12:39:04 [notice] 32#32: exiting
2025/05/21 12:39:04 [notice] 33#33: exiting
2025/05/21 12:39:04 [notice] 35#35: gracefully shutting down
2025/05/21 12:39:04 [notice] 34#34: exiting
2025/05/21 12:39:04 [notice] 36#36: gracefully shutting down
2025/05/21 12:39:04 [notice] 37#37: gracefully shutting down
2025/05/21 12:39:04 [notice] 38#38: gracefully shutting down
2025/05/21 12:39:04 [notice] 29#29: exiting
2025/05/21 12:39:04 [notice] 30#30: exiting
2025/05/21 12:39:04 [notice] 35#35: exiting
2025/05/21 12:39:04 [notice] 36#36: exiting
2025/05/21 12:39:04 [notice] 32#32: exit
2025/05/21 12:39:04 [notice] 39#39: gracefully shutting down
2025/05/21 12:39:04 [notice] 33#33: exit
2025/05/21 12:39:04 [notice] 34#34: exit
2025/05/21 12:39:04 [notice] 40#40: gracefully shutting down
2025/05/21 12:39:04 [notice] 37#37: exiting
2025/05/21 12:39:04 [notice] 38#38: exiting
2025/05/21 12:39:04 [notice] 41#41: gracefully shutting down
2025/05/21 12:39:04 [notice] 29#29: exit
2025/05/21 12:39:04 [notice] 42#42: gracefully shutting down
2025/05/21 12:39:04 [notice] 30#30: exit
2025/05/21 12:39:04 [notice] 39#39: exiting
2025/05/21 12:39:04 [notice] 51#51: gracefully shutting down
2025/05/21 12:39:04 [notice] 43#43: gracefully shutting down
2025/05/21 12:39:04 [notice] 35#35: exit
2025/05/21 12:39:04 [notice] 36#36: exit
2025/05/21 12:39:04 [notice] 40#40: exiting
2025/05/21 12:39:04 [notice] 41#41: exiting
2025/05/21 12:39:04 [notice] 43#43: exiting
2025/05/21 12:39:04 [notice] 44#44: gracefully shutting down
2025/05/21 12:39:04 [notice] 37#37: exit
2025/05/21 12:39:04 [notice] 42#42: exiting
2025/05/21 12:39:04 [notice] 38#38: exit
2025/05/21 12:39:04 [notice] 50#50: gracefully shutting down
2025/05/21 12:39:04 [notice] 51#51: exiting
2025/05/21 12:39:04 [notice] 39#39: exit
2025/05/21 12:39:04 [notice] 44#44: exiting
2025/05/21 12:39:04 [notice] 41#41: exit
2025/05/21 12:39:04 [notice] 43#43: exit
2025/05/21 12:39:04 [notice] 40#40: exit
2025/05/21 12:39:04 [notice] 50#50: exiting
2025/05/21 12:39:04 [notice] 42#42: exit
2025/05/21 12:39:04 [notice] 44#44: exit
2025/05/21 12:39:04 [notice] 48#48: gracefully shutting down
2025/05/21 12:39:04 [notice] 51#51: exit
2025/05/21 12:39:04 [notice] 50#50: exit
2025/05/21 12:39:04 [notice] 48#48: exiting
2025/05/21 12:39:04 [notice] 48#48: exit
2025/05/21 12:39:04 [notice] 45#45: gracefully shutting down
2025/05/21 12:39:04 [notice] 47#47: gracefully shutting down
2025/05/21 12:39:04 [notice] 45#45: exiting
2025/05/21 12:39:04 [notice] 47#47: exiting
2025/05/21 12:39:04 [notice] 45#45: exit
2025/05/21 12:39:04 [notice] 46#46: gracefully shutting down
2025/05/21 12:39:04 [notice] 47#47: exit
2025/05/21 12:39:04 [notice] 49#49: gracefully shutting down
2025/05/21 12:39:04 [notice] 46#46: exiting
2025/05/21 12:39:04 [notice] 49#49: exiting
2025/05/21 12:39:04 [notice] 46#46: exit
2025/05/21 12:39:04 [notice] 49#49: exit
2025/05/21 12:39:04 [notice] 1#1: signal 17 (SIGCHLD) received from 45
2025/05/21 12:39:04 [notice] 1#1: worker process 45 exited with code 0
2025/05/21 12:39:04 [notice] 1#1: signal 29 (SIGIO) received
2025/05/21 12:39:04 [notice] 1#1: signal 17 (SIGCHLD) received from 47
2025/05/21 12:39:04 [notice] 1#1: worker process 47 exited with code 0
2025/05/21 12:39:04 [notice] 1#1: worker process 51 exited with code 0
2025/05/21 12:39:04 [notice] 1#1: signal 29 (SIGIO) received
2025/05/21 12:39:04 [notice] 1#1: signal 17 (SIGCHLD) received from 51
2025/05/21 12:39:04 [notice] 1#1: worker process 30 exited with code 0
2025/05/21 12:39:04 [notice] 1#1: worker process 32 exited with code 0
2025/05/21 12:39:04 [notice] 1#1: worker process 33 exited with code 0
2025/05/21 12:39:04 [notice] 1#1: worker process 34 exited with code 0
2025/05/21 12:39:04 [notice] 1#1: worker process 35 exited with code 0
2025/05/21 12:39:04 [notice] 1#1: worker process 36 exited with code 0
2025/05/21 12:39:04 [notice] 1#1: worker process 39 exited with code 0
2025/05/21 12:39:04 [notice] 1#1: worker process 40 exited with code 0
2025/05/21 12:39:04 [notice] 1#1: worker process 42 exited with code 0
2025/05/21 12:39:04 [notice] 1#1: worker process 44 exited with code 0
2025/05/21 12:39:04 [notice] 1#1: worker process 46 exited with code 0
2025/05/21 12:39:04 [notice] 1#1: worker process 48 exited with code 0
2025/05/21 12:39:04 [notice] 1#1: worker process 49 exited with code 0
2025/05/21 12:39:04 [notice] 1#1: signal 29 (SIGIO) received
2025/05/21 12:39:04 [notice] 1#1: signal 17 (SIGCHLD) received from 36
2025/05/21 12:39:04 [notice] 1#1: signal 17 (SIGCHLD) received from 38
2025/05/21 12:39:04 [notice] 1#1: worker process 37 exited with code 0
2025/05/21 12:39:04 [notice] 1#1: worker process 38 exited with code 0
2025/05/21 12:39:04 [notice] 1#1: signal 29 (SIGIO) received
2025/05/21 12:39:04 [notice] 1#1: signal 17 (SIGCHLD) received from 37
2025/05/21 12:39:04 [notice] 1#1: signal 17 (SIGCHLD) received from 28
2025/05/21 12:39:04 [notice] 1#1: worker process 28 exited with code 0
2025/05/21 12:39:04 [notice] 1#1: worker process 29 exited with code 0
2025/05/21 12:39:04 [notice] 1#1: worker process 50 exited with code 0
2025/05/21 12:39:04 [notice] 1#1: signal 29 (SIGIO) received
2025/05/21 12:39:04 [notice] 1#1: signal 17 (SIGCHLD) received from 41
2025/05/21 12:39:04 [notice] 1#1: worker process 41 exited with code 0
2025/05/21 12:39:04 [notice] 1#1: signal 29 (SIGIO) received
2025/05/21 12:39:04 [notice] 1#1: signal 17 (SIGCHLD) received from 43
2025/05/21 12:39:04 [notice] 1#1: worker process 43 exited with code 0
2025/05/21 12:39:04 [notice] 1#1: signal 29 (SIGIO) received
2025/05/21 12:40:22 [notice] 1#1: using the "epoll" event method
2025/05/21 12:40:22 [notice] 1#1: nginx/1.25.5
2025/05/21 12:40:22 [notice] 1#1: built by gcc 12.2.0 (Debian 12.2.0-14) 
2025/05/21 12:40:22 [notice] 1#1: OS: Linux 5.15.167.4-microsoft-standard-WSL2
2025/05/21 12:40:22 [notice] 1#1: getrlimit(RLIMIT_NOFILE): 1048576:1048576
2025/05/21 12:40:22 [notice] 1#1: start worker processes
2025/05/21 12:40:22 [notice] 1#1: start worker process 28
2025/05/21 12:40:22 [notice] 1#1: start worker process 29
2025/05/21 12:40:22 [notice] 1#1: start worker process 30
2025/05/21 12:40:22 [notice] 1#1: start worker process 31
2025/05/21 12:40:22 [notice] 1#1: start worker process 32
2025/05/21 12:40:22 [notice] 1#1: start worker process 33
2025/05/21 12:40:22 [notice] 1#1: start worker process 34
2025/05/21 12:40:22 [notice] 1#1: start worker process 35
2025/05/21 12:40:22 [notice] 1#1: start worker process 36
2025/05/21 12:40:22 [notice] 1#1: start worker process 37
2025/05/21 12:40:22 [notice] 1#1: start worker process 38
2025/05/21 12:40:22 [notice] 1#1: start worker process 39
2025/05/21 12:40:22 [notice] 1#1: start worker process 40
2025/05/21 12:40:22 [notice] 1#1: start worker process 41
2025/05/21 12:40:22 [notice] 1#1: start worker process 42
2025/05/21 12:40:22 [notice] 1#1: start worker process 43
2025/05/21 12:40:22 [notice] 1#1: start worker process 44
2025/05/21 12:40:22 [notice] 1#1: start worker process 45
2025/05/21 12:40:22 [notice] 1#1: start worker process 46
2025/05/21 12:40:22 [notice] 1#1: start worker process 47
2025/05/21 12:40:22 [notice] 1#1: start worker process 48
2025/05/21 12:40:22 [notice] 1#1: start worker process 49
2025/05/21 12:40:22 [notice] 1#1: start worker process 50
2025/05/21 12:40:22 [notice] 1#1: start worker process 51
2025/05/21 12:42:24 [notice] 1#1: signal 3 (SIGQUIT) received, shutting down
2025/05/21 12:42:24 [notice] 29#29: gracefully shutting down
2025/05/21 12:42:24 [notice] 28#28: gracefully shutting down
2025/05/21 12:42:24 [notice] 30#30: gracefully shutting down
2025/05/21 12:42:24 [notice] 31#31: gracefully shutting down
2025/05/21 12:42:24 [notice] 29#29: exiting
2025/05/21 12:42:24 [notice] 32#32: gracefully shutting down
2025/05/21 12:42:24 [notice] 28#28: exiting
2025/05/21 12:42:24 [notice] 33#33: gracefully shutting down
2025/05/21 12:42:24 [notice] 30#30: exiting
2025/05/21 12:42:24 [notice] 34#34: gracefully shutting down
2025/05/21 12:42:24 [notice] 31#31: exiting
2025/05/21 12:42:24 [notice] 32#32: exiting
2025/05/21 12:42:24 [notice] 35#35: gracefully shutting down
2025/05/21 12:42:24 [notice] 33#33: exiting
2025/05/21 12:42:24 [notice] 36#36: gracefully shutting down
2025/05/21 12:42:24 [notice] 35#35: exiting
2025/05/21 12:42:24 [notice] 38#38: gracefully shutting down
2025/05/21 12:42:24 [notice] 31#31: exit
2025/05/21 12:42:24 [notice] 34#34: exiting
2025/05/21 12:42:24 [notice] 29#29: exit
2025/05/21 12:42:24 [notice] 28#28: exit
2025/05/21 12:42:24 [notice] 30#30: exit
2025/05/21 12:42:24 [notice] 33#33: exit
2025/05/21 12:42:24 [notice] 32#32: exit
2025/05/21 12:42:24 [notice] 37#37: gracefully shutting down
2025/05/21 12:42:24 [notice] 36#36: exiting
2025/05/21 12:42:24 [notice] 38#38: exiting
2025/05/21 12:42:24 [notice] 39#39: gracefully shutting down
2025/05/21 12:42:24 [notice] 41#41: gracefully shutting down
2025/05/21 12:42:24 [notice] 40#40: gracefully shutting down
2025/05/21 12:42:24 [notice] 35#35: exit
2025/05/21 12:42:24 [notice] 34#34: exit
2025/05/21 12:42:24 [notice] 42#42: gracefully shutting down
2025/05/21 12:42:24 [notice] 37#37: exiting
2025/05/21 12:42:24 [notice] 43#43: gracefully shutting down
2025/05/21 12:42:24 [notice] 41#41: exiting
2025/05/21 12:42:24 [notice] 39#39: exiting
2025/05/21 12:42:24 [notice] 36#36: exit
2025/05/21 12:42:24 [notice] 38#38: exit
2025/05/21 12:42:24 [notice] 40#40: exiting
2025/05/21 12:42:24 [notice] 37#37: exit
2025/05/21 12:42:24 [notice] 46#46: gracefully shutting down
2025/05/21 12:42:24 [notice] 44#44: gracefully shutting down
2025/05/21 12:42:24 [notice] 42#42: exiting
2025/05/21 12:42:24 [notice] 48#48: gracefully shutting down
2025/05/21 12:42:24 [notice] 43#43: exiting
2025/05/21 12:42:24 [notice] 41#41: exit
2025/05/21 12:42:24 [notice] 39#39: exit
2025/05/21 12:42:24 [notice] 49#49: gracefully shutting down
2025/05/21 12:42:24 [notice] 46#46: exiting
2025/05/21 12:42:24 [notice] 48#48: exiting
2025/05/21 12:42:24 [notice] 40#40: exit
2025/05/21 12:42:24 [notice] 44#44: exiting
2025/05/21 12:42:24 [notice] 49#49: exiting
2025/05/21 12:42:24 [notice] 42#42: exit
2025/05/21 12:42:24 [notice] 43#43: exit
2025/05/21 12:42:24 [notice] 46#46: exit
2025/05/21 12:42:24 [notice] 48#48: exit
2025/05/21 12:42:24 [notice] 44#44: exit
2025/05/21 12:42:24 [notice] 49#49: exit
2025/05/21 12:42:24 [notice] 50#50: gracefully shutting down
2025/05/21 12:42:24 [notice] 50#50: exiting
2025/05/21 12:42:24 [notice] 45#45: gracefully shutting down
2025/05/21 12:42:24 [notice] 51#51: gracefully shutting down
2025/05/21 12:42:24 [notice] 47#47: gracefully shutting down
2025/05/21 12:42:24 [notice] 50#50: exit
2025/05/21 12:42:24 [notice] 45#45: exiting
2025/05/21 12:42:24 [notice] 51#51: exiting
2025/05/21 12:42:24 [notice] 47#47: exiting
2025/05/21 12:42:24 [notice] 45#45: exit
2025/05/21 12:42:24 [notice] 51#51: exit
2025/05/21 12:42:24 [notice] 47#47: exit
2025/05/21 12:42:24 [notice] 1#1: signal 17 (SIGCHLD) received from 46
2025/05/21 12:42:24 [notice] 1#1: worker process 46 exited with code 0
2025/05/21 12:42:24 [notice] 1#1: signal 29 (SIGIO) received
2025/05/21 12:42:24 [notice] 1#1: signal 17 (SIGCHLD) received from 50
2025/05/21 12:42:24 [notice] 1#1: worker process 33 exited with code 0
2025/05/21 12:42:24 [notice] 1#1: worker process 35 exited with code 0
2025/05/21 12:42:24 [notice] 1#1: worker process 36 exited with code 0
2025/05/21 12:42:24 [notice] 1#1: worker process 38 exited with code 0
2025/05/21 12:42:24 [notice] 1#1: worker process 39 exited with code 0
2025/05/21 12:42:24 [notice] 1#1: worker process 43 exited with code 0
2025/05/21 12:42:24 [notice] 1#1: worker process 31 exited with code 0
2025/05/21 12:42:24 [notice] 1#1: worker process 32 exited with code 0
2025/05/21 12:42:24 [notice] 1#1: worker process 37 exited with code 0
2025/05/21 12:42:24 [notice] 1#1: worker process 40 exited with code 0
2025/05/21 12:42:24 [notice] 1#1: worker process 44 exited with code 0
2025/05/21 12:42:24 [notice] 1#1: worker process 48 exited with code 0
2025/05/21 12:42:24 [notice] 1#1: worker process 50 exited with code 0
2025/05/21 12:42:24 [notice] 1#1: signal 29 (SIGIO) received
2025/05/21 12:42:24 [notice] 1#1: signal 17 (SIGCHLD) received from 36
2025/05/21 12:42:24 [notice] 1#1: worker process 49 exited with code 0
2025/05/21 12:42:24 [notice] 1#1: signal 29 (SIGIO) received
2025/05/21 12:42:24 [notice] 1#1: signal 17 (SIGCHLD) received from 34
2025/05/21 12:42:24 [notice] 1#1: worker process 34 exited with code 0
2025/05/21 12:42:24 [notice] 1#1: worker process 30 exited with code 0
2025/05/21 12:42:24 [notice] 1#1: worker process 28 exited with code 0
2025/05/21 12:42:24 [notice] 1#1: worker process 42 exited with code 0
2025/05/21 12:42:24 [notice] 1#1: worker process 45 exited with code 0
2025/05/21 12:42:24 [notice] 1#1: worker process 47 exited with code 0
2025/05/21 12:42:24 [notice] 1#1: signal 29 (SIGIO) received
2025/05/21 12:42:24 [notice] 1#1: signal 17 (SIGCHLD) received from 47
2025/05/21 12:42:24 [notice] 1#1: signal 17 (SIGCHLD) received from 41
2025/05/21 12:42:24 [notice] 1#1: worker process 41 exited with code 0
2025/05/21 12:42:24 [notice] 1#1: signal 29 (SIGIO) received
2025/05/21 12:42:24 [notice] 1#1: signal 17 (SIGCHLD) received from 51
2025/05/21 12:42:24 [notice] 1#1: worker process 51 exited with code 0
2025/05/21 12:42:24 [notice] 1#1: signal 17 (SIGCHLD) received from 29
2025/05/21 12:42:24 [notice] 1#1: worker process 29 exited with code 0
2025/05/21 12:42:24 [notice] 1#1: exit
2025/05/21 12:42:45 [notice] 1#1: using the "epoll" event method
2025/05/21 12:42:45 [notice] 1#1: nginx/1.25.5
2025/05/21 12:42:45 [notice] 1#1: built by gcc 12.2.0 (Debian 12.2.0-14) 
2025/05/21 12:42:45 [notice] 1#1: OS: Linux 5.15.167.4-microsoft-standard-WSL2
2025/05/21 12:42:45 [notice] 1#1: getrlimit(RLIMIT_NOFILE): 1048576:1048576
2025/05/21 12:42:45 [notice] 1#1: start worker processes
2025/05/21 12:42:45 [notice] 1#1: start worker process 28
2025/05/21 12:42:45 [notice] 1#1: start worker process 29
2025/05/21 12:42:45 [notice] 1#1: start worker process 30
2025/05/21 12:42:45 [notice] 1#1: start worker process 31
2025/05/21 12:42:45 [notice] 1#1: start worker process 32
2025/05/21 12:42:45 [notice] 1#1: start worker process 33
2025/05/21 12:42:45 [notice] 1#1: start worker process 34
2025/05/21 12:42:45 [notice] 1#1: start worker process 35
2025/05/21 12:42:45 [notice] 1#1: start worker process 36
2025/05/21 12:42:45 [notice] 1#1: start worker process 37
2025/05/21 12:42:45 [notice] 1#1: start worker process 38
2025/05/21 12:42:45 [notice] 1#1: start worker process 39
2025/05/21 12:42:45 [notice] 1#1: start worker process 40
2025/05/21 12:42:45 [notice] 1#1: start worker process 41
2025/05/21 12:42:45 [notice] 1#1: start worker process 42
2025/05/21 12:42:45 [notice] 1#1: start worker process 43
2025/05/21 12:42:45 [notice] 1#1: start worker process 44
2025/05/21 12:42:45 [notice] 1#1: start worker process 45
2025/05/21 12:42:45 [notice] 1#1: start worker process 46
2025/05/21 12:42:45 [notice] 1#1: start worker process 47
2025/05/21 12:42:45 [notice] 1#1: start worker process 48
2025/05/21 12:42:45 [notice] 1#1: start worker process 49
2025/05/21 12:42:45 [notice] 1#1: start worker process 50
2025/05/21 12:42:45 [notice] 1#1: start worker process 51
2025/05/21 16:18:03 [notice] 1#1: signal 3 (SIGQUIT) received, shutting down
2025/05/21 16:18:03 [notice] 28#28: gracefully shutting down
2025/05/21 16:18:03 [notice] 29#29: gracefully shutting down
2025/05/21 16:18:03 [notice] 30#30: gracefully shutting down
2025/05/21 16:18:03 [notice] 28#28: exiting
2025/05/21 16:18:03 [notice] 29#29: exiting
2025/05/21 16:18:03 [notice] 31#31: gracefully shutting down
2025/05/21 16:18:03 [notice] 32#32: gracefully shutting down
2025/05/21 16:18:03 [notice] 30#30: exiting
2025/05/21 16:18:03 [notice] 33#33: gracefully shutting down
2025/05/21 16:18:03 [notice] 34#34: gracefully shutting down
2025/05/21 16:18:03 [notice] 31#31: exiting
2025/05/21 16:18:03 [notice] 29#29: exit
2025/05/21 16:18:03 [notice] 28#28: exit
2025/05/21 16:18:03 [notice] 35#35: gracefully shutting down
2025/05/21 16:18:03 [notice] 34#34: exiting
2025/05/21 16:18:03 [notice] 32#32: exiting
2025/05/21 16:18:03 [notice] 36#36: gracefully shutting down
2025/05/21 16:18:03 [notice] 33#33: exiting
2025/05/21 16:18:03 [notice] 30#30: exit
2025/05/21 16:18:03 [notice] 37#37: gracefully shutting down
2025/05/21 16:18:03 [notice] 35#35: exiting
2025/05/21 16:18:03 [notice] 38#38: gracefully shutting down
2025/05/21 16:18:03 [notice] 36#36: exiting
2025/05/21 16:18:03 [notice] 31#31: exit
2025/05/21 16:18:03 [notice] 39#39: gracefully shutting down
2025/05/21 16:18:03 [notice] 40#40: gracefully shutting down
2025/05/21 16:18:03 [notice] 34#34: exit
2025/05/21 16:18:03 [notice] 32#32: exit
2025/05/21 16:18:03 [notice] 33#33: exit
2025/05/21 16:18:03 [notice] 37#37: exiting
2025/05/21 16:18:03 [notice] 38#38: exiting
2025/05/21 16:18:03 [notice] 41#41: gracefully shutting down
2025/05/21 16:18:03 [notice] 35#35: exit
2025/05/21 16:18:03 [notice] 42#42: gracefully shutting down
2025/05/21 16:18:03 [notice] 39#39: exiting
2025/05/21 16:18:03 [notice] 40#40: exiting
2025/05/21 16:18:03 [notice] 36#36: exit
2025/05/21 16:18:03 [notice] 43#43: gracefully shutting down
2025/05/21 16:18:03 [notice] 44#44: gracefully shutting down
2025/05/21 16:18:03 [notice] 41#41: exiting
2025/05/21 16:18:03 [notice] 37#37: exit
2025/05/21 16:18:03 [notice] 45#45: gracefully shutting down
2025/05/21 16:18:03 [notice] 42#42: exiting
2025/05/21 16:18:03 [notice] 38#38: exit
2025/05/21 16:18:03 [notice] 46#46: gracefully shutting down
2025/05/21 16:18:03 [notice] 39#39: exit
2025/05/21 16:18:03 [notice] 43#43: exiting
2025/05/21 16:18:03 [notice] 40#40: exit
2025/05/21 16:18:03 [notice] 44#44: exiting
2025/05/21 16:18:03 [notice] 47#47: gracefully shutting down
2025/05/21 16:18:03 [notice] 50#50: gracefully shutting down
2025/05/21 16:18:03 [notice] 51#51: gracefully shutting down
2025/05/21 16:18:03 [notice] 41#41: exit
2025/05/21 16:18:03 [notice] 45#45: exiting
2025/05/21 16:18:03 [notice] 46#46: exiting
2025/05/21 16:18:03 [notice] 42#42: exit
2025/05/21 16:18:03 [notice] 47#47: exiting
2025/05/21 16:18:03 [notice] 43#43: exit
2025/05/21 16:18:03 [notice] 50#50: exiting
2025/05/21 16:18:03 [notice] 44#44: exit
2025/05/21 16:18:03 [notice] 51#51: exiting
2025/05/21 16:18:03 [notice] 45#45: exit
2025/05/21 16:18:03 [notice] 46#46: exit
2025/05/21 16:18:03 [notice] 47#47: exit
2025/05/21 16:18:03 [notice] 50#50: exit
2025/05/21 16:18:03 [notice] 51#51: exit
2025/05/21 16:18:03 [notice] 49#49: gracefully shutting down
2025/05/21 16:18:03 [notice] 48#48: gracefully shutting down
2025/05/21 16:18:03 [notice] 49#49: exiting
2025/05/21 16:18:03 [notice] 48#48: exiting
2025/05/21 16:18:03 [notice] 49#49: exit
2025/05/21 16:18:03 [notice] 48#48: exit
2025/05/21 16:18:03 [notice] 1#1: signal 17 (SIGCHLD) received from 50
2025/05/21 16:18:03 [notice] 1#1: worker process 50 exited with code 0
2025/05/21 16:18:03 [notice] 1#1: signal 29 (SIGIO) received
2025/05/21 16:18:03 [notice] 1#1: signal 17 (SIGCHLD) received from 40
2025/05/21 16:18:03 [notice] 1#1: worker process 40 exited with code 0
2025/05/21 16:18:03 [notice] 1#1: worker process 44 exited with code 0
2025/05/21 16:18:03 [notice] 1#1: worker process 47 exited with code 0
2025/05/21 16:18:03 [notice] 1#1: worker process 48 exited with code 0
2025/05/21 16:18:03 [notice] 1#1: signal 29 (SIGIO) received
2025/05/21 16:18:03 [notice] 1#1: signal 17 (SIGCHLD) received from 47
2025/05/21 16:18:03 [notice] 1#1: worker process 28 exited with code 0
2025/05/21 16:18:03 [notice] 1#1: worker process 30 exited with code 0
2025/05/21 16:18:03 [notice] 1#1: worker process 31 exited with code 0
2025/05/21 16:18:03 [notice] 1#1: worker process 33 exited with code 0
2025/05/21 16:18:03 [notice] 1#1: worker process 34 exited with code 0
2025/05/21 16:18:03 [notice] 1#1: worker process 35 exited with code 0
2025/05/21 16:18:03 [notice] 1#1: worker process 36 exited with code 0
2025/05/21 16:18:03 [notice] 1#1: worker process 39 exited with code 0
2025/05/21 16:18:03 [notice] 1#1: worker process 41 exited with code 0
2025/05/21 16:18:03 [notice] 1#1: worker process 43 exited with code 0
2025/05/21 16:18:03 [notice] 1#1: worker process 45 exited with code 0
2025/05/21 16:18:03 [notice] 1#1: worker process 49 exited with code 0
2025/05/21 16:18:03 [notice] 1#1: worker process 51 exited with code 0
2025/05/21 16:18:03 [notice] 1#1: signal 29 (SIGIO) received
2025/05/21 16:18:03 [notice] 1#1: signal 17 (SIGCHLD) received from 36
2025/05/21 16:18:03 [notice] 1#1: signal 17 (SIGCHLD) received from 29
2025/05/21 16:18:03 [notice] 1#1: worker process 29 exited with code 0
2025/05/21 16:18:03 [notice] 1#1: signal 29 (SIGIO) received
2025/05/21 16:18:03 [notice] 1#1: signal 17 (SIGCHLD) received from 46
2025/05/21 16:18:03 [notice] 1#1: worker process 38 exited with code 0
2025/05/21 16:18:03 [notice] 1#1: worker process 42 exited with code 0
2025/05/21 16:18:03 [notice] 1#1: worker process 32 exited with code 0
2025/05/21 16:18:03 [notice] 1#1: worker process 46 exited with code 0
2025/05/21 16:18:03 [notice] 1#1: signal 17 (SIGCHLD) received from 32
2025/05/21 16:18:03 [notice] 1#1: worker process 37 exited with code 0
2025/05/21 16:18:03 [notice] 1#1: exit
2025/05/21 16:18:11 [notice] 1#1: using the "epoll" event method
2025/05/21 16:18:11 [notice] 1#1: nginx/1.25.5
2025/05/21 16:18:11 [notice] 1#1: built by gcc 12.2.0 (Debian 12.2.0-14) 
2025/05/21 16:18:11 [notice] 1#1: OS: Linux 5.15.167.4-microsoft-standard-WSL2
2025/05/21 16:18:11 [notice] 1#1: getrlimit(RLIMIT_NOFILE): 1048576:1048576
2025/05/21 16:18:11 [notice] 1#1: start worker processes
2025/05/21 16:18:11 [notice] 1#1: start worker process 28
2025/05/21 16:18:11 [notice] 1#1: start worker process 29
2025/05/21 16:18:11 [notice] 1#1: start worker process 30
2025/05/21 16:18:11 [notice] 1#1: start worker process 31
2025/05/21 16:18:11 [notice] 1#1: start worker process 32
2025/05/21 16:18:11 [notice] 1#1: start worker process 33
2025/05/21 16:18:11 [notice] 1#1: start worker process 34
2025/05/21 16:18:11 [notice] 1#1: start worker process 35
2025/05/21 16:18:11 [notice] 1#1: start worker process 36
2025/05/21 16:18:11 [notice] 1#1: start worker process 37
2025/05/21 16:18:11 [notice] 1#1: start worker process 38
2025/05/21 16:18:11 [notice] 1#1: start worker process 39
2025/05/21 16:18:11 [notice] 1#1: start worker process 40
2025/05/21 16:18:11 [notice] 1#1: start worker process 41
2025/05/21 16:18:11 [notice] 1#1: start worker process 42
2025/05/21 16:18:11 [notice] 1#1: start worker process 43
2025/05/21 16:18:11 [notice] 1#1: start worker process 44
2025/05/21 16:18:11 [notice] 1#1: start worker process 45
2025/05/21 16:18:11 [notice] 1#1: start worker process 46
2025/05/21 16:18:11 [notice] 1#1: start worker process 47
2025/05/21 16:18:11 [notice] 1#1: start worker process 48
2025/05/21 16:18:11 [notice] 1#1: start worker process 49
2025/05/21 16:18:11 [notice] 1#1: start worker process 50
2025/05/21 16:18:11 [notice] 1#1: start worker process 51
2025/05/21 16:23:13 [notice] 1#1: signal 3 (SIGQUIT) received, shutting down
2025/05/21 16:23:13 [notice] 29#29: gracefully shutting down
2025/05/21 16:23:13 [notice] 30#30: gracefully shutting down
2025/05/21 16:23:13 [notice] 28#28: gracefully shutting down
2025/05/21 16:23:13 [notice] 29#29: exiting
2025/05/21 16:23:13 [notice] 31#31: gracefully shutting down
2025/05/21 16:23:13 [notice] 30#30: exiting
2025/05/21 16:23:13 [notice] 28#28: exiting
2025/05/21 16:23:13 [notice] 32#32: gracefully shutting down
2025/05/21 16:23:13 [notice] 33#33: gracefully shutting down
2025/05/21 16:23:13 [notice] 31#31: exiting
2025/05/21 16:23:13 [notice] 34#34: gracefully shutting down
2025/05/21 16:23:13 [notice] 28#28: exit
2025/05/21 16:23:13 [notice] 29#29: exit
2025/05/21 16:23:13 [notice] 35#35: gracefully shutting down
2025/05/21 16:23:13 [notice] 32#32: exiting
2025/05/21 16:23:13 [notice] 30#30: exit
2025/05/21 16:23:13 [notice] 33#33: exiting
2025/05/21 16:23:13 [notice] 31#31: exit
2025/05/21 16:23:13 [notice] 37#37: gracefully shutting down
2025/05/21 16:23:13 [notice] 36#36: gracefully shutting down
2025/05/21 16:23:13 [notice] 38#38: gracefully shutting down
2025/05/21 16:23:13 [notice] 34#34: exiting
2025/05/21 16:23:13 [notice] 39#39: gracefully shutting down
2025/05/21 16:23:13 [notice] 35#35: exiting
2025/05/21 16:23:13 [notice] 40#40: gracefully shutting down
2025/05/21 16:23:13 [notice] 41#41: gracefully shutting down
2025/05/21 16:23:13 [notice] 33#33: exit
2025/05/21 16:23:13 [notice] 32#32: exit
2025/05/21 16:23:13 [notice] 37#37: exiting
2025/05/21 16:23:13 [notice] 36#36: exiting
2025/05/21 16:23:13 [notice] 42#42: gracefully shutting down
2025/05/21 16:23:13 [notice] 38#38: exiting
2025/05/21 16:23:13 [notice] 43#43: gracefully shutting down
2025/05/21 16:23:13 [notice] 39#39: exiting
2025/05/21 16:23:13 [notice] 40#40: exiting
2025/05/21 16:23:13 [notice] 34#34: exit
2025/05/21 16:23:13 [notice] 44#44: gracefully shutting down
2025/05/21 16:23:13 [notice] 35#35: exit
2025/05/21 16:23:13 [notice] 41#41: exiting
2025/05/21 16:23:13 [notice] 45#45: gracefully shutting down
2025/05/21 16:23:13 [notice] 42#42: exiting
2025/05/21 16:23:13 [notice] 36#36: exit
2025/05/21 16:23:13 [notice] 46#46: gracefully shutting down
2025/05/21 16:23:13 [notice] 43#43: exiting
2025/05/21 16:23:13 [notice] 37#37: exit
2025/05/21 16:23:13 [notice] 47#47: gracefully shutting down
2025/05/21 16:23:13 [notice] 50#50: gracefully shutting down
2025/05/21 16:23:13 [notice] 38#38: exit
2025/05/21 16:23:13 [notice] 44#44: exiting
2025/05/21 16:23:13 [notice] 48#48: gracefully shutting down
2025/05/21 16:23:13 [notice] 39#39: exit
2025/05/21 16:23:13 [notice] 40#40: exit
2025/05/21 16:23:13 [notice] 45#45: exiting
2025/05/21 16:23:13 [notice] 49#49: gracefully shutting down
2025/05/21 16:23:13 [notice] 46#46: exiting
2025/05/21 16:23:13 [notice] 41#41: exit
2025/05/21 16:23:13 [notice] 42#42: exit
2025/05/21 16:23:13 [notice] 47#47: exiting
2025/05/21 16:23:13 [notice] 43#43: exit
2025/05/21 16:23:13 [notice] 50#50: exiting
2025/05/21 16:23:13 [notice] 48#48: exiting
2025/05/21 16:23:13 [notice] 44#44: exit
2025/05/21 16:23:13 [notice] 49#49: exiting
2025/05/21 16:23:13 [notice] 45#45: exit
2025/05/21 16:23:13 [notice] 46#46: exit
2025/05/21 16:23:13 [notice] 47#47: exit
2025/05/21 16:23:13 [notice] 48#48: exit
2025/05/21 16:23:13 [notice] 50#50: exit
2025/05/21 16:23:13 [notice] 49#49: exit
2025/05/21 16:23:13 [notice] 51#51: gracefully shutting down
2025/05/21 16:23:13 [notice] 51#51: exiting
2025/05/21 16:23:13 [notice] 51#51: exit
2025/05/21 16:23:13 [notice] 1#1: signal 17 (SIGCHLD) received from 46
2025/05/21 16:23:13 [notice] 1#1: worker process 46 exited with code 0
2025/05/21 16:23:13 [notice] 1#1: worker process 49 exited with code 0
2025/05/21 16:23:13 [notice] 1#1: signal 29 (SIGIO) received
2025/05/21 16:23:13 [notice] 1#1: signal 17 (SIGCHLD) received from 49
2025/05/21 16:23:13 [notice] 1#1: worker process 43 exited with code 0
2025/05/21 16:23:13 [notice] 1#1: signal 29 (SIGIO) received
2025/05/21 16:23:13 [notice] 1#1: signal 17 (SIGCHLD) received from 38
2025/05/21 16:23:13 [notice] 1#1: worker process 33 exited with code 0
2025/05/21 16:23:13 [notice] 1#1: worker process 38 exited with code 0
2025/05/21 16:23:13 [notice] 1#1: worker process 31 exited with code 0
2025/05/21 16:23:13 [notice] 1#1: worker process 32 exited with code 0
2025/05/21 16:23:13 [notice] 1#1: worker process 39 exited with code 0
2025/05/21 16:23:13 [notice] 1#1: worker process 28 exited with code 0
2025/05/21 16:23:13 [notice] 1#1: worker process 42 exited with code 0
2025/05/21 16:23:13 [notice] 1#1: worker process 35 exited with code 0
2025/05/21 16:23:13 [notice] 1#1: worker process 41 exited with code 0
2025/05/21 16:23:13 [notice] 1#1: worker process 30 exited with code 0
2025/05/21 16:23:13 [notice] 1#1: worker process 45 exited with code 0
2025/05/21 16:23:13 [notice] 1#1: worker process 48 exited with code 0
2025/05/21 16:23:13 [notice] 1#1: worker process 50 exited with code 0
2025/05/21 16:23:13 [notice] 1#1: worker process 51 exited with code 0
2025/05/21 16:23:13 [notice] 1#1: signal 29 (SIGIO) received
2025/05/21 16:23:13 [notice] 1#1: signal 17 (SIGCHLD) received from 33
2025/05/21 16:23:13 [notice] 1#1: signal 17 (SIGCHLD) received from 44
2025/05/21 16:23:13 [notice] 1#1: worker process 36 exited with code 0
2025/05/21 16:23:13 [notice] 1#1: worker process 44 exited with code 0
2025/05/21 16:23:13 [notice] 1#1: worker process 47 exited with code 0
2025/05/21 16:23:13 [notice] 1#1: signal 29 (SIGIO) received
2025/05/21 16:23:13 [notice] 1#1: signal 17 (SIGCHLD) received from 47
2025/05/21 16:23:13 [notice] 1#1: worker process 29 exited with code 0
2025/05/21 16:23:13 [notice] 1#1: signal 29 (SIGIO) received
2025/05/21 16:23:13 [notice] 1#1: signal 17 (SIGCHLD) received from 34
2025/05/21 16:23:13 [notice] 1#1: worker process 34 exited with code 0
2025/05/21 16:23:13 [notice] 1#1: worker process 37 exited with code 0
2025/05/21 16:23:13 [notice] 1#1: signal 17 (SIGCHLD) received from 40
2025/05/21 16:23:13 [notice] 1#1: worker process 40 exited with code 0
2025/05/21 16:23:13 [notice] 1#1: exit
2025/05/21 16:23:20 [notice] 1#1: using the "epoll" event method
2025/05/21 16:23:20 [notice] 1#1: nginx/1.25.5
2025/05/21 16:23:20 [notice] 1#1: built by gcc 12.2.0 (Debian 12.2.0-14) 
2025/05/21 16:23:20 [notice] 1#1: OS: Linux 5.15.167.4-microsoft-standard-WSL2
2025/05/21 16:23:20 [notice] 1#1: getrlimit(RLIMIT_NOFILE): 1048576:1048576
2025/05/21 16:23:20 [notice] 1#1: start worker processes
2025/05/21 16:23:20 [notice] 1#1: start worker process 28
2025/05/21 16:23:20 [notice] 1#1: start worker process 29
2025/05/21 16:23:20 [notice] 1#1: start worker process 30
2025/05/21 16:23:20 [notice] 1#1: start worker process 31
2025/05/21 16:23:20 [notice] 1#1: start worker process 32
2025/05/21 16:23:20 [notice] 1#1: start worker process 33
2025/05/21 16:23:20 [notice] 1#1: start worker process 34
2025/05/21 16:23:20 [notice] 1#1: start worker process 35
2025/05/21 16:23:20 [notice] 1#1: start worker process 36
2025/05/21 16:23:20 [notice] 1#1: start worker process 37
2025/05/21 16:23:20 [notice] 1#1: start worker process 38
2025/05/21 16:23:20 [notice] 1#1: start worker process 39
2025/05/21 16:23:20 [notice] 1#1: start worker process 40
2025/05/21 16:23:20 [notice] 1#1: start worker process 41
2025/05/21 16:23:20 [notice] 1#1: start worker process 42
2025/05/21 16:23:20 [notice] 1#1: start worker process 43
2025/05/21 16:23:20 [notice] 1#1: start worker process 44
2025/05/21 16:23:20 [notice] 1#1: start worker process 45
2025/05/21 16:23:20 [notice] 1#1: start worker process 46
2025/05/21 16:23:20 [notice] 1#1: start worker process 47
2025/05/21 16:23:20 [notice] 1#1: start worker process 48
2025/05/21 16:23:20 [notice] 1#1: start worker process 49
2025/05/21 16:23:20 [notice] 1#1: start worker process 50
2025/05/21 16:23:20 [notice] 1#1: start worker process 51
2025/05/21 16:46:36 [notice] 1#1: signal 3 (SIGQUIT) received, shutting down
2025/05/21 16:46:36 [notice] 28#28: gracefully shutting down
2025/05/21 16:46:36 [notice] 29#29: gracefully shutting down
2025/05/21 16:46:36 [notice] 30#30: gracefully shutting down
2025/05/21 16:46:36 [notice] 28#28: exiting
2025/05/21 16:46:36 [notice] 31#31: gracefully shutting down
2025/05/21 16:46:36 [notice] 29#29: exiting
2025/05/21 16:46:36 [notice] 30#30: exiting
2025/05/21 16:46:36 [notice] 32#32: gracefully shutting down
2025/05/21 16:46:36 [notice] 29#29: exit
2025/05/21 16:46:36 [notice] 34#34: gracefully shutting down
2025/05/21 16:46:36 [notice] 30#30: exit
2025/05/21 16:46:36 [notice] 32#32: exiting
2025/05/21 16:46:36 [notice] 33#33: gracefully shutting down
2025/05/21 16:46:36 [notice] 35#35: gracefully shutting down
2025/05/21 16:46:36 [notice] 36#36: gracefully shutting down
2025/05/21 16:46:36 [notice] 28#28: exit
2025/05/21 16:46:36 [notice] 34#34: exiting
2025/05/21 16:46:36 [notice] 38#38: gracefully shutting down
2025/05/21 16:46:36 [notice] 39#39: gracefully shutting down
2025/05/21 16:46:36 [notice] 33#33: exiting
2025/05/21 16:46:36 [notice] 32#32: exit
2025/05/21 16:46:36 [notice] 37#37: gracefully shutting down
2025/05/21 16:46:36 [notice] 35#35: exiting
2025/05/21 16:46:36 [notice] 31#31: exiting
2025/05/21 16:46:36 [notice] 36#36: exiting
2025/05/21 16:46:36 [notice] 40#40: gracefully shutting down
2025/05/21 16:46:36 [notice] 38#38: exiting
2025/05/21 16:46:36 [notice] 39#39: exiting
2025/05/21 16:46:36 [notice] 41#41: gracefully shutting down
2025/05/21 16:46:36 [notice] 37#37: exiting
2025/05/21 16:46:36 [notice] 42#42: gracefully shutting down
2025/05/21 16:46:36 [notice] 33#33: exit
2025/05/21 16:46:36 [notice] 43#43: gracefully shutting down
2025/05/21 16:46:36 [notice] 40#40: exiting
2025/05/21 16:46:36 [notice] 35#35: exit
2025/05/21 16:46:36 [notice] 31#31: exit
2025/05/21 16:46:36 [notice] 47#47: gracefully shutting down
2025/05/21 16:46:36 [notice] 44#44: gracefully shutting down
2025/05/21 16:46:36 [notice] 41#41: exiting
2025/05/21 16:46:36 [notice] 39#39: exit
2025/05/21 16:46:36 [notice] 45#45: gracefully shutting down
2025/05/21 16:46:36 [notice] 48#48: gracefully shutting down
2025/05/21 16:46:36 [notice] 38#38: exit
2025/05/21 16:46:36 [notice] 42#42: exiting
2025/05/21 16:46:36 [notice] 51#51: gracefully shutting down
2025/05/21 16:46:36 [notice] 43#43: exiting
2025/05/21 16:46:36 [notice] 36#36: exit
2025/05/21 16:46:36 [notice] 34#34: exit
2025/05/21 16:46:36 [notice] 40#40: exit
2025/05/21 16:46:36 [notice] 47#47: exiting
2025/05/21 16:46:36 [notice] 51#51: exiting
2025/05/21 16:46:36 [notice] 44#44: exiting
2025/05/21 16:46:36 [notice] 37#37: exit
2025/05/21 16:46:36 [notice] 45#45: exiting
2025/05/21 16:46:36 [notice] 48#48: exiting
2025/05/21 16:46:36 [notice] 41#41: exit
2025/05/21 16:46:36 [notice] 42#42: exit
2025/05/21 16:46:36 [notice] 43#43: exit
2025/05/21 16:46:36 [notice] 47#47: exit
2025/05/21 16:46:36 [notice] 44#44: exit
2025/05/21 16:46:36 [notice] 45#45: exit
2025/05/21 16:46:36 [notice] 48#48: exit
2025/05/21 16:46:36 [notice] 51#51: exit
2025/05/21 16:46:36 [notice] 50#50: gracefully shutting down
2025/05/21 16:46:36 [notice] 50#50: exiting
2025/05/21 16:46:36 [notice] 46#46: gracefully shutting down
2025/05/21 16:46:36 [notice] 46#46: exiting
2025/05/21 16:46:36 [notice] 46#46: exit
2025/05/21 16:46:36 [notice] 50#50: exit
2025/05/21 16:46:36 [notice] 49#49: gracefully shutting down
2025/05/21 16:46:36 [notice] 49#49: exiting
2025/05/21 16:46:36 [notice] 49#49: exit
2025/05/21 16:46:36 [notice] 1#1: signal 17 (SIGCHLD) received from 46
2025/05/21 16:46:36 [notice] 1#1: worker process 33 exited with code 0
2025/05/21 16:46:36 [notice] 1#1: worker process 37 exited with code 0
2025/05/21 16:46:36 [notice] 1#1: worker process 46 exited with code 0
2025/05/21 16:46:36 [notice] 1#1: worker process 47 exited with code 0
2025/05/21 16:46:36 [notice] 1#1: signal 29 (SIGIO) received
2025/05/21 16:46:36 [notice] 1#1: signal 17 (SIGCHLD) received from 37
2025/05/21 16:46:36 [notice] 1#1: signal 17 (SIGCHLD) received from 43
2025/05/21 16:46:36 [notice] 1#1: worker process 38 exited with code 0
2025/05/21 16:46:36 [notice] 1#1: worker process 43 exited with code 0
2025/05/21 16:46:36 [notice] 1#1: worker process 48 exited with code 0
2025/05/21 16:46:36 [notice] 1#1: signal 29 (SIGIO) received
2025/05/21 16:46:36 [notice] 1#1: signal 17 (SIGCHLD) received from 48
2025/05/21 16:46:36 [notice] 1#1: signal 17 (SIGCHLD) received from 28
2025/05/21 16:46:36 [notice] 1#1: worker process 28 exited with code 0
2025/05/21 16:46:36 [notice] 1#1: signal 29 (SIGIO) received
2025/05/21 16:46:36 [notice] 1#1: signal 17 (SIGCHLD) received from 29
2025/05/21 16:46:36 [notice] 1#1: worker process 29 exited with code 0
2025/05/21 16:46:36 [notice] 1#1: signal 29 (SIGIO) received
2025/05/21 16:46:36 [notice] 1#1: signal 17 (SIGCHLD) received from 51
2025/05/21 16:46:36 [notice] 1#1: worker process 44 exited with code 0
2025/05/21 16:46:36 [notice] 1#1: worker process 30 exited with code 0
2025/05/21 16:46:36 [notice] 1#1: worker process 35 exited with code 0
2025/05/21 16:46:36 [notice] 1#1: worker process 50 exited with code 0
2025/05/21 16:46:36 [notice] 1#1: worker process 40 exited with code 0
2025/05/21 16:46:36 [notice] 1#1: worker process 45 exited with code 0
2025/05/21 16:46:36 [notice] 1#1: worker process 51 exited with code 0
2025/05/21 16:46:36 [notice] 1#1: worker process 36 exited with code 0
2025/05/21 16:46:36 [notice] 1#1: worker process 41 exited with code 0
2025/05/21 16:46:36 [notice] 1#1: signal 29 (SIGIO) received
2025/05/21 16:46:36 [notice] 1#1: signal 17 (SIGCHLD) received from 30
2025/05/21 16:46:36 [notice] 1#1: worker process 34 exited with code 0
2025/05/21 16:46:36 [notice] 1#1: worker process 42 exited with code 0
2025/05/21 16:46:36 [notice] 1#1: signal 29 (SIGIO) received
2025/05/21 16:46:36 [notice] 1#1: signal 17 (SIGCHLD) received from 39
2025/05/21 16:46:36 [notice] 1#1: worker process 39 exited with code 0
2025/05/21 16:46:36 [notice] 1#1: signal 29 (SIGIO) received
2025/05/21 16:46:36 [notice] 1#1: signal 17 (SIGCHLD) received from 49
2025/05/21 16:46:36 [notice] 1#1: worker process 32 exited with code 0
2025/05/21 16:46:36 [notice] 1#1: worker process 49 exited with code 0
2025/05/21 16:46:36 [notice] 1#1: signal 17 (SIGCHLD) received from 31
2025/05/21 16:46:36 [notice] 1#1: worker process 31 exited with code 0
2025/05/21 16:46:36 [notice] 1#1: exit
2025/05/21 16:48:26 [notice] 1#1: using the "epoll" event method
2025/05/21 16:48:26 [notice] 1#1: nginx/1.25.5
2025/05/21 16:48:26 [notice] 1#1: built by gcc 12.2.0 (Debian 12.2.0-14) 
2025/05/21 16:48:26 [notice] 1#1: OS: Linux 5.15.167.4-microsoft-standard-WSL2
2025/05/21 16:48:26 [notice] 1#1: getrlimit(RLIMIT_NOFILE): 1048576:1048576
2025/05/21 16:48:26 [notice] 1#1: start worker processes
2025/05/21 16:48:26 [notice] 1#1: start worker process 28
2025/05/21 16:48:26 [notice] 1#1: start worker process 29
2025/05/21 16:48:26 [notice] 1#1: start worker process 30
2025/05/21 16:48:26 [notice] 1#1: start worker process 31
2025/05/21 16:48:26 [notice] 1#1: start worker process 32
2025/05/21 16:48:26 [notice] 1#1: start worker process 33
2025/05/21 16:48:26 [notice] 1#1: start worker process 34
2025/05/21 16:48:26 [notice] 1#1: start worker process 35
2025/05/21 16:48:26 [notice] 1#1: start worker process 36
2025/05/21 16:48:26 [notice] 1#1: start worker process 37
2025/05/21 16:48:26 [notice] 1#1: start worker process 38
2025/05/21 16:48:26 [notice] 1#1: start worker process 39
2025/05/21 16:48:26 [notice] 1#1: start worker process 40
2025/05/21 16:48:26 [notice] 1#1: start worker process 41
2025/05/21 16:48:26 [notice] 1#1: start worker process 42
2025/05/21 16:48:26 [notice] 1#1: start worker process 43
2025/05/21 16:48:26 [notice] 1#1: start worker process 44
2025/05/21 16:48:26 [notice] 1#1: start worker process 45
2025/05/21 16:48:26 [notice] 1#1: start worker process 46
2025/05/21 16:48:26 [notice] 1#1: start worker process 47
2025/05/21 16:48:26 [notice] 1#1: start worker process 48
2025/05/21 16:48:26 [notice] 1#1: start worker process 49
2025/05/21 16:48:26 [notice] 1#1: start worker process 50
2025/05/21 16:48:26 [notice] 1#1: start worker process 51
2025/05/21 16:51:49 [notice] 1#1: signal 3 (SIGQUIT) received, shutting down
2025/05/21 16:51:49 [notice] 28#28: gracefully shutting down
2025/05/21 16:51:49 [notice] 31#31: gracefully shutting down
2025/05/21 16:51:49 [notice] 28#28: exiting
2025/05/21 16:51:49 [notice] 29#29: gracefully shutting down
2025/05/21 16:51:49 [notice] 30#30: gracefully shutting down
2025/05/21 16:51:49 [notice] 32#32: gracefully shutting down
2025/05/21 16:51:49 [notice] 31#31: exiting
2025/05/21 16:51:49 [notice] 33#33: gracefully shutting down
2025/05/21 16:51:49 [notice] 35#35: gracefully shutting down
2025/05/21 16:51:49 [notice] 28#28: exit
2025/05/21 16:51:49 [notice] 29#29: exiting
2025/05/21 16:51:49 [notice] 30#30: exiting
2025/05/21 16:51:49 [notice] 36#36: gracefully shutting down
2025/05/21 16:51:49 [notice] 32#32: exiting
2025/05/21 16:51:49 [notice] 33#33: exiting
2025/05/21 16:51:49 [notice] 37#37: gracefully shutting down
2025/05/21 16:51:49 [notice] 35#35: exiting
2025/05/21 16:51:49 [notice] 34#34: gracefully shutting down
2025/05/21 16:51:49 [notice] 31#31: exit
2025/05/21 16:51:49 [notice] 38#38: gracefully shutting down
2025/05/21 16:51:49 [notice] 39#39: gracefully shutting down
2025/05/21 16:51:49 [notice] 36#36: exiting
2025/05/21 16:51:49 [notice] 40#40: gracefully shutting down
2025/05/21 16:51:49 [notice] 30#30: exit
2025/05/21 16:51:49 [notice] 29#29: exit
2025/05/21 16:51:49 [notice] 41#41: gracefully shutting down
2025/05/21 16:51:49 [notice] 37#37: exiting
2025/05/21 16:51:49 [notice] 34#34: exiting
2025/05/21 16:51:49 [notice] 33#33: exit
2025/05/21 16:51:49 [notice] 32#32: exit
2025/05/21 16:51:49 [notice] 42#42: gracefully shutting down
2025/05/21 16:51:49 [notice] 43#43: gracefully shutting down
2025/05/21 16:51:49 [notice] 35#35: exit
2025/05/21 16:51:49 [notice] 38#38: exiting
2025/05/21 16:51:49 [notice] 39#39: exiting
2025/05/21 16:51:49 [notice] 40#40: exiting
2025/05/21 16:51:49 [notice] 44#44: gracefully shutting down
2025/05/21 16:51:49 [notice] 45#45: gracefully shutting down
2025/05/21 16:51:49 [notice] 36#36: exit
2025/05/21 16:51:49 [notice] 41#41: exiting
2025/05/21 16:51:49 [notice] 47#47: gracefully shutting down
2025/05/21 16:51:49 [notice] 46#46: gracefully shutting down
2025/05/21 16:51:49 [notice] 37#37: exit
2025/05/21 16:51:49 [notice] 42#42: exiting
2025/05/21 16:51:49 [notice] 34#34: exit
2025/05/21 16:51:49 [notice] 43#43: exiting
2025/05/21 16:51:49 [notice] 44#44: exiting
2025/05/21 16:51:49 [notice] 45#45: exiting
2025/05/21 16:51:49 [notice] 38#38: exit
2025/05/21 16:51:49 [notice] 39#39: exit
2025/05/21 16:51:49 [notice] 40#40: exit
2025/05/21 16:51:49 [notice] 47#47: exiting
2025/05/21 16:51:49 [notice] 46#46: exiting
2025/05/21 16:51:49 [notice] 41#41: exit
2025/05/21 16:51:49 [notice] 42#42: exit
2025/05/21 16:51:49 [notice] 43#43: exit
2025/05/21 16:51:49 [notice] 44#44: exit
2025/05/21 16:51:49 [notice] 49#49: gracefully shutting down
2025/05/21 16:51:49 [notice] 45#45: exit
2025/05/21 16:51:49 [notice] 47#47: exit
2025/05/21 16:51:49 [notice] 46#46: exit
2025/05/21 16:51:49 [notice] 49#49: exiting
2025/05/21 16:51:49 [notice] 49#49: exit
2025/05/21 16:51:49 [notice] 50#50: gracefully shutting down
2025/05/21 16:51:49 [notice] 50#50: exiting
2025/05/21 16:51:49 [notice] 48#48: gracefully shutting down
2025/05/21 16:51:49 [notice] 48#48: exiting
2025/05/21 16:51:49 [notice] 50#50: exit
2025/05/21 16:51:49 [notice] 48#48: exit
2025/05/21 16:51:49 [notice] 51#51: gracefully shutting down
2025/05/21 16:51:49 [notice] 51#51: exiting
2025/05/21 16:51:49 [notice] 51#51: exit
2025/05/21 16:51:50 [notice] 1#1: signal 17 (SIGCHLD) received from 51
2025/05/21 16:51:50 [notice] 1#1: worker process 49 exited with code 0
2025/05/21 16:51:50 [notice] 1#1: worker process 51 exited with code 0
2025/05/21 16:51:50 [notice] 1#1: signal 29 (SIGIO) received
2025/05/21 16:51:50 [notice] 1#1: signal 17 (SIGCHLD) received from 49
2025/05/21 16:51:50 [notice] 1#1: signal 17 (SIGCHLD) received from 43
2025/05/21 16:51:50 [notice] 1#1: worker process 43 exited with code 0
2025/05/21 16:51:50 [notice] 1#1: signal 29 (SIGIO) received
2025/05/21 16:51:50 [notice] 1#1: signal 17 (SIGCHLD) received from 38
2025/05/21 16:51:50 [notice] 1#1: worker process 37 exited with code 0
2025/05/21 16:51:50 [notice] 1#1: worker process 38 exited with code 0
2025/05/21 16:51:50 [notice] 1#1: worker process 42 exited with code 0
2025/05/21 16:51:50 [notice] 1#1: signal 29 (SIGIO) received
2025/05/21 16:51:50 [notice] 1#1: signal 17 (SIGCHLD) received from 42
2025/05/21 16:51:50 [notice] 1#1: worker process 28 exited with code 0
2025/05/21 16:51:50 [notice] 1#1: worker process 29 exited with code 0
2025/05/21 16:51:50 [notice] 1#1: worker process 30 exited with code 0
2025/05/21 16:51:50 [notice] 1#1: worker process 31 exited with code 0
2025/05/21 16:51:50 [notice] 1#1: worker process 33 exited with code 0
2025/05/21 16:51:50 [notice] 1#1: worker process 34 exited with code 0
2025/05/21 16:51:50 [notice] 1#1: worker process 36 exited with code 0
2025/05/21 16:51:50 [notice] 1#1: worker process 39 exited with code 0
2025/05/21 16:51:50 [notice] 1#1: worker process 40 exited with code 0
2025/05/21 16:51:50 [notice] 1#1: worker process 45 exited with code 0
2025/05/21 16:51:50 [notice] 1#1: worker process 46 exited with code 0
2025/05/21 16:51:50 [notice] 1#1: worker process 47 exited with code 0
2025/05/21 16:51:50 [notice] 1#1: worker process 48 exited with code 0
2025/05/21 16:51:50 [notice] 1#1: worker process 50 exited with code 0
2025/05/21 16:51:50 [notice] 1#1: signal 29 (SIGIO) received
2025/05/21 16:51:50 [notice] 1#1: signal 17 (SIGCHLD) received from 32
2025/05/21 16:51:50 [notice] 1#1: worker process 32 exited with code 0
2025/05/21 16:51:50 [notice] 1#1: signal 29 (SIGIO) received
2025/05/21 16:51:50 [notice] 1#1: signal 17 (SIGCHLD) received from 41
2025/05/21 16:51:50 [notice] 1#1: worker process 41 exited with code 0
2025/05/21 16:51:50 [notice] 1#1: worker process 44 exited with code 0
2025/05/21 16:51:50 [notice] 1#1: signal 29 (SIGIO) received
2025/05/21 16:51:50 [notice] 1#1: signal 17 (SIGCHLD) received from 35
2025/05/21 16:51:50 [notice] 1#1: worker process 35 exited with code 0
2025/05/21 16:51:50 [notice] 1#1: exit
2025/05/21 16:51:55 [notice] 1#1: using the "epoll" event method
2025/05/21 16:51:55 [notice] 1#1: nginx/1.25.5
2025/05/21 16:51:55 [notice] 1#1: built by gcc 12.2.0 (Debian 12.2.0-14) 
2025/05/21 16:51:55 [notice] 1#1: OS: Linux 5.15.167.4-microsoft-standard-WSL2
2025/05/21 16:51:55 [notice] 1#1: getrlimit(RLIMIT_NOFILE): 1048576:1048576
2025/05/21 16:51:55 [notice] 1#1: start worker processes
2025/05/21 16:51:55 [notice] 1#1: start worker process 28
2025/05/21 16:51:55 [notice] 1#1: start worker process 29
2025/05/21 16:51:55 [notice] 1#1: start worker process 30
2025/05/21 16:51:55 [notice] 1#1: start worker process 31
2025/05/21 16:51:55 [notice] 1#1: start worker process 32
2025/05/21 16:51:55 [notice] 1#1: start worker process 33
2025/05/21 16:51:55 [notice] 1#1: start worker process 34
2025/05/21 16:51:55 [notice] 1#1: start worker process 35
2025/05/21 16:51:55 [notice] 1#1: start worker process 36
2025/05/21 16:51:55 [notice] 1#1: start worker process 37
2025/05/21 16:51:55 [notice] 1#1: start worker process 38
2025/05/21 16:51:55 [notice] 1#1: start worker process 39
2025/05/21 16:51:55 [notice] 1#1: start worker process 40
2025/05/21 16:51:55 [notice] 1#1: start worker process 41
2025/05/21 16:51:55 [notice] 1#1: start worker process 42
2025/05/21 16:51:55 [notice] 1#1: start worker process 43
2025/05/21 16:51:55 [notice] 1#1: start worker process 44
2025/05/21 16:51:55 [notice] 1#1: start worker process 45
2025/05/21 16:51:55 [notice] 1#1: start worker process 46
2025/05/21 16:51:55 [notice] 1#1: start worker process 47
2025/05/21 16:51:55 [notice] 1#1: start worker process 48
2025/05/21 16:51:55 [notice] 1#1: start worker process 49
2025/05/21 16:51:55 [notice] 1#1: start worker process 50
2025/05/21 16:51:55 [notice] 1#1: start worker process 51
2025/05/21 20:05:19 [notice] 1#1: signal 3 (SIGQUIT) received, shutting down
2025/05/21 20:05:19 [notice] 29#29: gracefully shutting down
2025/05/21 20:05:19 [notice] 31#31: gracefully shutting down
2025/05/21 20:05:19 [notice] 30#30: gracefully shutting down
2025/05/21 20:05:19 [notice] 32#32: gracefully shutting down
2025/05/21 20:05:19 [notice] 28#28: gracefully shutting down
2025/05/21 20:05:19 [notice] 33#33: gracefully shutting down
2025/05/21 20:05:19 [notice] 35#35: gracefully shutting down
2025/05/21 20:05:19 [notice] 34#34: gracefully shutting down
2025/05/21 20:05:19 [notice] 39#39: gracefully shutting down
2025/05/21 20:05:19 [notice] 37#37: gracefully shutting down
2025/05/21 20:05:19 [notice] 38#38: gracefully shutting down
2025/05/21 20:05:19 [notice] 36#36: gracefully shutting down
2025/05/21 20:05:19 [notice] 32#32: exiting
2025/05/21 20:05:19 [notice] 28#28: exiting
2025/05/21 20:05:19 [notice] 31#31: exiting
2025/05/21 20:05:19 [notice] 45#45: gracefully shutting down
2025/05/21 20:05:19 [notice] 30#30: exiting
2025/05/21 20:05:19 [notice] 39#39: exiting
2025/05/21 20:05:19 [notice] 42#42: gracefully shutting down
2025/05/21 20:05:19 [notice] 41#41: gracefully shutting down
2025/05/21 20:05:19 [notice] 46#46: gracefully shutting down
2025/05/21 20:05:19 [notice] 30#30: exit
2025/05/21 20:05:19 [notice] 31#31: exit
2025/05/21 20:05:19 [notice] 32#32: exit
2025/05/21 20:05:19 [notice] 28#28: exit
2025/05/21 20:05:19 [notice] 37#37: exiting
2025/05/21 20:05:19 [notice] 51#51: gracefully shutting down
2025/05/21 20:05:19 [notice] 39#39: exit
2025/05/21 20:05:19 [notice] 35#35: exiting
2025/05/21 20:05:19 [notice] 48#48: gracefully shutting down
2025/05/21 20:05:19 [notice] 34#34: exiting
2025/05/21 20:05:19 [notice] 35#35: exit
2025/05/21 20:05:19 [notice] 38#38: exiting
2025/05/21 20:05:19 [notice] 36#36: exiting
2025/05/21 20:05:19 [notice] 37#37: exit
2025/05/21 20:05:19 [notice] 42#42: exiting
2025/05/21 20:05:19 [notice] 34#34: exit
2025/05/21 20:05:19 [notice] 41#41: exiting
2025/05/21 20:05:19 [notice] 45#45: exiting
2025/05/21 20:05:19 [notice] 36#36: exit
2025/05/21 20:05:19 [notice] 33#33: exiting
2025/05/21 20:05:19 [notice] 38#38: exit
2025/05/21 20:05:19 [notice] 51#51: exiting
2025/05/21 20:05:19 [notice] 46#46: exiting
2025/05/21 20:05:19 [notice] 42#42: exit
2025/05/21 20:05:19 [notice] 45#45: exit
2025/05/21 20:05:19 [notice] 51#51: exit
2025/05/21 20:05:19 [notice] 33#33: exit
2025/05/21 20:05:19 [notice] 48#48: exiting
2025/05/21 20:05:19 [notice] 47#47: gracefully shutting down
2025/05/21 20:05:19 [notice] 41#41: exit
2025/05/21 20:05:19 [notice] 40#40: gracefully shutting down
2025/05/21 20:05:19 [notice] 48#48: exit
2025/05/21 20:05:19 [notice] 43#43: gracefully shutting down
2025/05/21 20:05:19 [notice] 46#46: exit
2025/05/21 20:05:19 [notice] 29#29: exiting
2025/05/21 20:05:19 [notice] 40#40: exiting
2025/05/21 20:05:19 [notice] 29#29: exit
2025/05/21 20:05:19 [notice] 47#47: exiting
2025/05/21 20:05:19 [notice] 40#40: exit
2025/05/21 20:05:19 [notice] 49#49: gracefully shutting down
2025/05/21 20:05:19 [notice] 44#44: gracefully shutting down
2025/05/21 20:05:19 [notice] 50#50: gracefully shutting down
2025/05/21 20:05:19 [notice] 43#43: exiting
2025/05/21 20:05:19 [notice] 47#47: exit
2025/05/21 20:05:19 [notice] 43#43: exit
2025/05/21 20:05:19 [notice] 50#50: exiting
2025/05/21 20:05:19 [notice] 49#49: exiting
2025/05/21 20:05:19 [notice] 44#44: exiting
2025/05/21 20:05:19 [notice] 49#49: exit
2025/05/21 20:05:19 [notice] 50#50: exit
2025/05/21 20:05:19 [notice] 44#44: exit
2025/05/21 20:05:19 [notice] 1#1: signal 17 (SIGCHLD) received from 39
2025/05/21 20:05:19 [notice] 1#1: worker process 30 exited with code 0
2025/05/21 20:05:19 [notice] 1#1: worker process 35 exited with code 0
2025/05/21 20:05:19 [notice] 1#1: worker process 37 exited with code 0
2025/05/21 20:05:19 [notice] 1#1: worker process 38 exited with code 0
2025/05/21 20:05:19 [notice] 1#1: worker process 39 exited with code 0
2025/05/21 20:05:19 [notice] 1#1: worker process 41 exited with code 0
2025/05/21 20:05:19 [notice] 1#1: worker process 42 exited with code 0
2025/05/21 20:05:19 [notice] 1#1: worker process 45 exited with code 0
2025/05/21 20:05:19 [notice] 1#1: worker process 28 exited with code 0
2025/05/21 20:05:19 [notice] 1#1: worker process 29 exited with code 0
2025/05/21 20:05:19 [notice] 1#1: worker process 32 exited with code 0
2025/05/21 20:05:19 [notice] 1#1: worker process 33 exited with code 0
2025/05/21 20:05:19 [notice] 1#1: worker process 40 exited with code 0
2025/05/21 20:05:19 [notice] 1#1: worker process 46 exited with code 0
2025/05/21 20:05:19 [notice] 1#1: worker process 47 exited with code 0
2025/05/21 20:05:19 [notice] 1#1: worker process 34 exited with code 0
2025/05/21 20:05:19 [notice] 1#1: worker process 48 exited with code 0
2025/05/21 20:05:19 [notice] 1#1: worker process 49 exited with code 0
2025/05/21 20:05:19 [notice] 1#1: worker process 50 exited with code 0
2025/05/21 20:05:19 [notice] 1#1: worker process 51 exited with code 0
2025/05/21 20:05:19 [notice] 1#1: signal 29 (SIGIO) received
2025/05/21 20:05:19 [notice] 1#1: signal 17 (SIGCHLD) received from 37
2025/05/21 20:05:19 [notice] 1#1: signal 17 (SIGCHLD) received from 43
2025/05/21 20:05:19 [notice] 1#1: worker process 43 exited with code 0
2025/05/21 20:05:19 [notice] 1#1: signal 29 (SIGIO) received
2025/05/21 20:05:19 [notice] 1#1: signal 17 (SIGCHLD) received from 36
2025/05/21 20:05:19 [notice] 1#1: worker process 36 exited with code 0
2025/05/21 20:05:19 [notice] 1#1: signal 29 (SIGIO) received
2025/05/21 20:05:19 [notice] 1#1: signal 17 (SIGCHLD) received from 31
2025/05/21 20:05:19 [notice] 1#1: worker process 31 exited with code 0
2025/05/21 20:05:19 [notice] 1#1: signal 29 (SIGIO) received
2025/05/21 20:05:19 [notice] 1#1: signal 17 (SIGCHLD) received from 44
2025/05/21 20:05:19 [notice] 1#1: worker process 44 exited with code 0
2025/05/21 20:05:19 [notice] 1#1: exit
2025/05/21 20:06:50 [notice] 1#1: using the "epoll" event method
2025/05/21 20:06:50 [notice] 1#1: nginx/1.25.5
2025/05/21 20:06:50 [notice] 1#1: built by gcc 12.2.0 (Debian 12.2.0-14) 
2025/05/21 20:06:50 [notice] 1#1: OS: Linux 5.15.167.4-microsoft-standard-WSL2
2025/05/21 20:06:50 [notice] 1#1: getrlimit(RLIMIT_NOFILE): 1048576:1048576
2025/05/21 20:06:50 [notice] 1#1: start worker processes
2025/05/21 20:06:50 [notice] 1#1: start worker process 28
2025/05/21 20:06:50 [notice] 1#1: start worker process 29
2025/05/21 20:06:50 [notice] 1#1: start worker process 30
2025/05/21 20:06:50 [notice] 1#1: start worker process 31
2025/05/21 20:06:50 [notice] 1#1: start worker process 32
2025/05/21 20:06:50 [notice] 1#1: start worker process 33
2025/05/21 20:06:50 [notice] 1#1: start worker process 34
2025/05/21 20:06:50 [notice] 1#1: start worker process 35
2025/05/21 20:06:50 [notice] 1#1: start worker process 36
2025/05/21 20:06:50 [notice] 1#1: start worker process 37
2025/05/21 20:06:50 [notice] 1#1: start worker process 38
2025/05/21 20:06:50 [notice] 1#1: start worker process 39
2025/05/21 20:06:50 [notice] 1#1: start worker process 40
2025/05/21 20:06:50 [notice] 1#1: start worker process 41
2025/05/21 20:06:50 [notice] 1#1: start worker process 42
2025/05/21 20:06:50 [notice] 1#1: start worker process 43
2025/05/21 20:06:50 [notice] 1#1: start worker process 44
2025/05/21 20:06:50 [notice] 1#1: start worker process 45
2025/05/21 20:06:50 [notice] 1#1: start worker process 46
2025/05/21 20:06:50 [notice] 1#1: start worker process 47
2025/05/21 20:06:50 [notice] 1#1: start worker process 48
2025/05/21 20:06:50 [notice] 1#1: start worker process 49
2025/05/21 20:06:50 [notice] 1#1: start worker process 50
2025/05/21 20:06:50 [notice] 1#1: start worker process 51
2025/05/21 20:51:17 [notice] 1#1: signal 3 (SIGQUIT) received, shutting down
2025/05/21 20:51:17 [notice] 28#28: gracefully shutting down
2025/05/21 20:51:17 [notice] 30#30: gracefully shutting down
2025/05/21 20:51:17 [notice] 28#28: exiting
2025/05/21 20:51:17 [notice] 31#31: gracefully shutting down
2025/05/21 20:51:17 [notice] 29#29: gracefully shutting down
2025/05/21 20:51:17 [notice] 30#30: exiting
2025/05/21 20:51:17 [notice] 33#33: gracefully shutting down
2025/05/21 20:51:17 [notice] 34#34: gracefully shutting down
2025/05/21 20:51:17 [notice] 31#31: exiting
2025/05/21 20:51:17 [notice] 28#28: exit
2025/05/21 20:51:17 [notice] 35#35: gracefully shutting down
2025/05/21 20:51:17 [notice] 29#29: exiting
2025/05/21 20:51:17 [notice] 33#33: exiting
2025/05/21 20:51:17 [notice] 30#30: exit
2025/05/21 20:51:17 [notice] 37#37: gracefully shutting down
2025/05/21 20:51:17 [notice] 34#34: exiting
2025/05/21 20:51:17 [notice] 31#31: exit
2025/05/21 20:51:17 [notice] 36#36: gracefully shutting down
2025/05/21 20:51:17 [notice] 38#38: gracefully shutting down
2025/05/21 20:51:17 [notice] 35#35: exiting
2025/05/21 20:51:17 [notice] 39#39: gracefully shutting down
2025/05/21 20:51:17 [notice] 37#37: exiting
2025/05/21 20:51:17 [notice] 33#33: exit
2025/05/21 20:51:17 [notice] 29#29: exit
2025/05/21 20:51:17 [notice] 38#38: exiting
2025/05/21 20:51:17 [notice] 34#34: exit
2025/05/21 20:51:17 [notice] 36#36: exiting
2025/05/21 20:51:17 [notice] 40#40: gracefully shutting down
2025/05/21 20:51:17 [notice] 39#39: exiting
2025/05/21 20:51:17 [notice] 35#35: exit
2025/05/21 20:51:17 [notice] 41#41: gracefully shutting down
2025/05/21 20:51:17 [notice] 37#37: exit
2025/05/21 20:51:17 [notice] 40#40: exiting
2025/05/21 20:51:17 [notice] 42#42: gracefully shutting down
2025/05/21 20:51:17 [notice] 38#38: exit
2025/05/21 20:51:17 [notice] 36#36: exit
2025/05/21 20:51:17 [notice] 43#43: gracefully shutting down
2025/05/21 20:51:17 [notice] 41#41: exiting
2025/05/21 20:51:17 [notice] 44#44: gracefully shutting down
2025/05/21 20:51:17 [notice] 39#39: exit
2025/05/21 20:51:17 [notice] 32#32: gracefully shutting down
2025/05/21 20:51:17 [notice] 45#45: gracefully shutting down
2025/05/21 20:51:17 [notice] 42#42: exiting
2025/05/21 20:51:17 [notice] 40#40: exit
2025/05/21 20:51:17 [notice] 43#43: exiting
2025/05/21 20:51:17 [notice] 46#46: gracefully shutting down
2025/05/21 20:51:17 [notice] 41#41: exit
2025/05/21 20:51:17 [notice] 48#48: gracefully shutting down
2025/05/21 20:51:17 [notice] 32#32: exiting
2025/05/21 20:51:17 [notice] 45#45: exiting
2025/05/21 20:51:17 [notice] 46#46: exiting
2025/05/21 20:51:17 [notice] 42#42: exit
2025/05/21 20:51:17 [notice] 43#43: exit
2025/05/21 20:51:17 [notice] 48#48: exiting
2025/05/21 20:51:17 [notice] 44#44: exiting
2025/05/21 20:51:17 [notice] 45#45: exit
2025/05/21 20:51:17 [notice] 46#46: exit
2025/05/21 20:51:17 [notice] 47#47: gracefully shutting down
2025/05/21 20:51:17 [notice] 44#44: exit
2025/05/21 20:51:17 [notice] 48#48: exit
2025/05/21 20:51:17 [notice] 47#47: exiting
2025/05/21 20:51:17 [notice] 32#32: exit
2025/05/21 20:51:17 [notice] 47#47: exit
2025/05/21 20:51:17 [notice] 50#50: gracefully shutting down
2025/05/21 20:51:17 [notice] 51#51: gracefully shutting down
2025/05/21 20:51:17 [notice] 49#49: gracefully shutting down
2025/05/21 20:51:17 [notice] 50#50: exiting
2025/05/21 20:51:17 [notice] 51#51: exiting
2025/05/21 20:51:17 [notice] 49#49: exiting
2025/05/21 20:51:17 [notice] 50#50: exit
2025/05/21 20:51:17 [notice] 51#51: exit
2025/05/21 20:51:17 [notice] 49#49: exit
2025/05/21 20:51:17 [notice] 1#1: signal 17 (SIGCHLD) received from 39
2025/05/21 20:51:17 [notice] 1#1: worker process 39 exited with code 0
2025/05/21 20:51:17 [notice] 1#1: worker process 44 exited with code 0
2025/05/21 20:51:17 [notice] 1#1: worker process 51 exited with code 0
2025/05/21 20:51:17 [notice] 1#1: signal 29 (SIGIO) received
2025/05/21 20:51:17 [notice] 1#1: signal 17 (SIGCHLD) received from 44
2025/05/21 20:51:17 [notice] 1#1: worker process 40 exited with code 0
2025/05/21 20:51:17 [notice] 1#1: signal 29 (SIGIO) received
2025/05/21 20:51:17 [notice] 1#1: signal 17 (SIGCHLD) received from 40
2025/05/21 20:51:17 [notice] 1#1: worker process 46 exited with code 0
2025/05/21 20:51:17 [notice] 1#1: worker process 33 exited with code 0
2025/05/21 20:51:17 [notice] 1#1: worker process 31 exited with code 0
2025/05/21 20:51:17 [notice] 1#1: worker process 43 exited with code 0
2025/05/21 20:51:17 [notice] 1#1: worker process 50 exited with code 0
2025/05/21 20:51:17 [notice] 1#1: worker process 32 exited with code 0
2025/05/21 20:51:17 [notice] 1#1: worker process 28 exited with code 0
2025/05/21 20:51:17 [notice] 1#1: worker process 35 exited with code 0
2025/05/21 20:51:17 [notice] 1#1: worker process 29 exited with code 0
2025/05/21 20:51:17 [notice] 1#1: worker process 37 exited with code 0
2025/05/21 20:51:17 [notice] 1#1: worker process 38 exited with code 0
2025/05/21 20:51:17 [notice] 1#1: worker process 42 exited with code 0
2025/05/21 20:51:17 [notice] 1#1: worker process 45 exited with code 0
2025/05/21 20:51:17 [notice] 1#1: worker process 34 exited with code 0
2025/05/21 20:51:17 [notice] 1#1: worker process 30 exited with code 0
2025/05/21 20:51:17 [notice] 1#1: worker process 41 exited with code 0
2025/05/21 20:51:17 [notice] 1#1: worker process 47 exited with code 0
2025/05/21 20:51:17 [notice] 1#1: worker process 48 exited with code 0
2025/05/21 20:51:17 [notice] 1#1: worker process 49 exited with code 0
2025/05/21 20:51:17 [notice] 1#1: signal 29 (SIGIO) received
2025/05/21 20:51:17 [notice] 1#1: signal 17 (SIGCHLD) received from 46
2025/05/21 20:51:17 [notice] 1#1: signal 17 (SIGCHLD) received from 36
2025/05/21 20:51:17 [notice] 1#1: worker process 36 exited with code 0
2025/05/21 20:51:17 [notice] 1#1: exit
2025/05/21 20:51:24 [notice] 1#1: using the "epoll" event method
2025/05/21 20:51:24 [notice] 1#1: nginx/1.25.5
2025/05/21 20:51:24 [notice] 1#1: built by gcc 12.2.0 (Debian 12.2.0-14) 
2025/05/21 20:51:24 [notice] 1#1: OS: Linux 5.15.167.4-microsoft-standard-WSL2
2025/05/21 20:51:24 [notice] 1#1: getrlimit(RLIMIT_NOFILE): 1048576:1048576
2025/05/21 20:51:24 [notice] 1#1: start worker processes
2025/05/21 20:51:24 [notice] 1#1: start worker process 28
2025/05/21 20:51:24 [notice] 1#1: start worker process 29
2025/05/21 20:51:24 [notice] 1#1: start worker process 30
2025/05/21 20:51:24 [notice] 1#1: start worker process 31
2025/05/21 20:51:24 [notice] 1#1: start worker process 32
2025/05/21 20:51:24 [notice] 1#1: start worker process 33
2025/05/21 20:51:24 [notice] 1#1: start worker process 34
2025/05/21 20:51:24 [notice] 1#1: start worker process 35
2025/05/21 20:51:24 [notice] 1#1: start worker process 36
2025/05/21 20:51:24 [notice] 1#1: start worker process 37
2025/05/21 20:51:24 [notice] 1#1: start worker process 38
2025/05/21 20:51:24 [notice] 1#1: start worker process 39
2025/05/21 20:51:24 [notice] 1#1: start worker process 40
2025/05/21 20:51:24 [notice] 1#1: start worker process 41
2025/05/21 20:51:24 [notice] 1#1: start worker process 42
2025/05/21 20:51:24 [notice] 1#1: start worker process 43
2025/05/21 20:51:24 [notice] 1#1: start worker process 44
2025/05/21 20:51:24 [notice] 1#1: start worker process 45
2025/05/21 20:51:24 [notice] 1#1: start worker process 46
2025/05/21 20:51:24 [notice] 1#1: start worker process 47
2025/05/21 20:51:24 [notice] 1#1: start worker process 48
2025/05/21 20:51:24 [notice] 1#1: start worker process 49
2025/05/21 20:51:24 [notice] 1#1: start worker process 50
2025/05/21 20:51:24 [notice] 1#1: start worker process 51
2025/05/21 21:40:04 [notice] 1#1: signal 3 (SIGQUIT) received, shutting down
2025/05/21 21:40:04 [notice] 28#28: gracefully shutting down
2025/05/21 21:40:04 [notice] 29#29: gracefully shutting down
2025/05/21 21:40:04 [notice] 30#30: gracefully shutting down
2025/05/21 21:40:04 [notice] 28#28: exiting
2025/05/21 21:40:04 [notice] 31#31: gracefully shutting down
2025/05/21 21:40:04 [notice] 32#32: gracefully shutting down
2025/05/21 21:40:04 [notice] 29#29: exiting
2025/05/21 21:40:04 [notice] 33#33: gracefully shutting down
2025/05/21 21:40:04 [notice] 30#30: exiting
2025/05/21 21:40:04 [notice] 31#31: exiting
2025/05/21 21:40:04 [notice] 34#34: gracefully shutting down
2025/05/21 21:40:04 [notice] 32#32: exiting
2025/05/21 21:40:04 [notice] 36#36: gracefully shutting down
2025/05/21 21:40:04 [notice] 28#28: exit
2025/05/21 21:40:04 [notice] 35#35: gracefully shutting down
2025/05/21 21:40:04 [notice] 33#33: exiting
2025/05/21 21:40:04 [notice] 37#37: gracefully shutting down
2025/05/21 21:40:04 [notice] 29#29: exit
2025/05/21 21:40:04 [notice] 31#31: exit
2025/05/21 21:40:04 [notice] 34#34: exiting
2025/05/21 21:40:04 [notice] 36#36: exiting
2025/05/21 21:40:04 [notice] 38#38: gracefully shutting down
2025/05/21 21:40:04 [notice] 35#35: exiting
2025/05/21 21:40:04 [notice] 37#37: exiting
2025/05/21 21:40:04 [notice] 40#40: gracefully shutting down
2025/05/21 21:40:04 [notice] 33#33: exit
2025/05/21 21:40:04 [notice] 38#38: exiting
2025/05/21 21:40:04 [notice] 39#39: gracefully shutting down
2025/05/21 21:40:04 [notice] 41#41: gracefully shutting down
2025/05/21 21:40:04 [notice] 36#36: exit
2025/05/21 21:40:04 [notice] 42#42: gracefully shutting down
2025/05/21 21:40:04 [notice] 34#34: exit
2025/05/21 21:40:04 [notice] 40#40: exiting
2025/05/21 21:40:04 [notice] 37#37: exit
2025/05/21 21:40:04 [notice] 39#39: exiting
2025/05/21 21:40:04 [notice] 38#38: exit
2025/05/21 21:40:04 [notice] 41#41: exiting
2025/05/21 21:40:04 [notice] 51#51: gracefully shutting down
2025/05/21 21:40:04 [notice] 50#50: gracefully shutting down
2025/05/21 21:40:04 [notice] 42#42: exiting
2025/05/21 21:40:04 [notice] 39#39: exit
2025/05/21 21:40:04 [notice] 40#40: exit
2025/05/21 21:40:04 [notice] 51#51: exiting
2025/05/21 21:40:04 [notice] 50#50: exiting
2025/05/21 21:40:04 [notice] 41#41: exit
2025/05/21 21:40:04 [notice] 42#42: exit
2025/05/21 21:40:04 [notice] 35#35: exit
2025/05/21 21:40:04 [notice] 51#51: exit
2025/05/21 21:40:04 [notice] 32#32: exit
2025/05/21 21:40:04 [notice] 50#50: exit
2025/05/21 21:40:04 [notice] 46#46: gracefully shutting down
2025/05/21 21:40:04 [notice] 46#46: exiting
2025/05/21 21:40:04 [notice] 46#46: exit
2025/05/21 21:40:04 [notice] 48#48: gracefully shutting down
2025/05/21 21:40:04 [notice] 45#45: gracefully shutting down
2025/05/21 21:40:04 [notice] 48#48: exiting
2025/05/21 21:40:04 [notice] 30#30: exit
2025/05/21 21:40:04 [notice] 45#45: exiting
2025/05/21 21:40:04 [notice] 43#43: gracefully shutting down
2025/05/21 21:40:04 [notice] 49#49: gracefully shutting down
2025/05/21 21:40:04 [notice] 48#48: exit
2025/05/21 21:40:04 [notice] 44#44: gracefully shutting down
2025/05/21 21:40:04 [notice] 43#43: exiting
2025/05/21 21:40:04 [notice] 45#45: exit
2025/05/21 21:40:04 [notice] 49#49: exiting
2025/05/21 21:40:04 [notice] 44#44: exiting
2025/05/21 21:40:04 [notice] 43#43: exit
2025/05/21 21:40:04 [notice] 47#47: gracefully shutting down
2025/05/21 21:40:04 [notice] 44#44: exit
2025/05/21 21:40:04 [notice] 49#49: exit
2025/05/21 21:40:04 [notice] 47#47: exiting
2025/05/21 21:40:04 [notice] 47#47: exit
2025/05/21 21:40:04 [notice] 1#1: signal 17 (SIGCHLD) received from 30
2025/05/21 21:40:04 [notice] 1#1: worker process 30 exited with code 0
2025/05/21 21:40:04 [notice] 1#1: worker process 33 exited with code 0
2025/05/21 21:40:04 [notice] 1#1: worker process 40 exited with code 0
2025/05/21 21:40:04 [notice] 1#1: worker process 41 exited with code 0
2025/05/21 21:40:04 [notice] 1#1: worker process 42 exited with code 0
2025/05/21 21:40:04 [notice] 1#1: signal 29 (SIGIO) received
2025/05/21 21:40:04 [notice] 1#1: signal 17 (SIGCHLD) received from 42
2025/05/21 21:40:04 [notice] 1#1: signal 17 (SIGCHLD) received from 49
2025/05/21 21:40:04 [notice] 1#1: worker process 29 exited with code 0
2025/05/21 21:40:04 [notice] 1#1: worker process 34 exited with code 0
2025/05/21 21:40:04 [notice] 1#1: worker process 48 exited with code 0
2025/05/21 21:40:04 [notice] 1#1: worker process 49 exited with code 0
2025/05/21 21:40:04 [notice] 1#1: worker process 44 exited with code 0
2025/05/21 21:40:04 [notice] 1#1: signal 29 (SIGIO) received
2025/05/21 21:40:04 [notice] 1#1: signal 17 (SIGCHLD) received from 34
2025/05/21 21:40:04 [notice] 1#1: worker process 28 exited with code 0
2025/05/21 21:40:04 [notice] 1#1: worker process 32 exited with code 0
2025/05/21 21:40:04 [notice] 1#1: worker process 37 exited with code 0
2025/05/21 21:40:04 [notice] 1#1: worker process 39 exited with code 0
2025/05/21 21:40:04 [notice] 1#1: signal 29 (SIGIO) received
2025/05/21 21:40:04 [notice] 1#1: signal 17 (SIGCHLD) received from 36
2025/05/21 21:40:04 [notice] 1#1: worker process 31 exited with code 0
2025/05/21 21:40:04 [notice] 1#1: worker process 36 exited with code 0
2025/05/21 21:40:04 [notice] 1#1: worker process 45 exited with code 0
2025/05/21 21:40:04 [notice] 1#1: signal 29 (SIGIO) received
2025/05/21 21:40:04 [notice] 1#1: signal 17 (SIGCHLD) received from 45
2025/05/21 21:40:04 [notice] 1#1: signal 17 (SIGCHLD) received from 51
2025/05/21 21:40:04 [notice] 1#1: worker process 51 exited with code 0
2025/05/21 21:40:04 [notice] 1#1: signal 29 (SIGIO) received
2025/05/21 21:40:04 [notice] 1#1: signal 17 (SIGCHLD) received from 50
2025/05/21 21:40:04 [notice] 1#1: worker process 35 exited with code 0
2025/05/21 21:40:04 [notice] 1#1: worker process 50 exited with code 0
2025/05/21 21:40:04 [notice] 1#1: signal 29 (SIGIO) received
2025/05/21 21:40:04 [notice] 1#1: signal 17 (SIGCHLD) received from 47
2025/05/21 21:40:04 [notice] 1#1: worker process 38 exited with code 0
2025/05/21 21:40:04 [notice] 1#1: worker process 43 exited with code 0
2025/05/21 21:40:04 [notice] 1#1: worker process 47 exited with code 0
2025/05/21 21:40:04 [notice] 1#1: signal 29 (SIGIO) received
2025/05/21 21:40:04 [notice] 1#1: signal 17 (SIGCHLD) received from 46
2025/05/21 21:40:04 [notice] 1#1: worker process 46 exited with code 0
2025/05/21 21:40:04 [notice] 1#1: exit
2025/05/21 21:40:10 [notice] 1#1: using the "epoll" event method
2025/05/21 21:40:10 [notice] 1#1: nginx/1.25.5
2025/05/21 21:40:10 [notice] 1#1: built by gcc 12.2.0 (Debian 12.2.0-14) 
2025/05/21 21:40:10 [notice] 1#1: OS: Linux 5.15.167.4-microsoft-standard-WSL2
2025/05/21 21:40:10 [notice] 1#1: getrlimit(RLIMIT_NOFILE): 1048576:1048576
2025/05/21 21:40:10 [notice] 1#1: start worker processes
2025/05/21 21:40:10 [notice] 1#1: start worker process 28
2025/05/21 21:40:10 [notice] 1#1: start worker process 29
2025/05/21 21:40:10 [notice] 1#1: start worker process 30
2025/05/21 21:40:10 [notice] 1#1: start worker process 31
2025/05/21 21:40:10 [notice] 1#1: start worker process 32
2025/05/21 21:40:10 [notice] 1#1: start worker process 33
2025/05/21 21:40:10 [notice] 1#1: start worker process 34
2025/05/21 21:40:10 [notice] 1#1: start worker process 35
2025/05/21 21:40:10 [notice] 1#1: start worker process 36
2025/05/21 21:40:10 [notice] 1#1: start worker process 37
2025/05/21 21:40:10 [notice] 1#1: start worker process 38
2025/05/21 21:40:10 [notice] 1#1: start worker process 39
2025/05/21 21:40:10 [notice] 1#1: start worker process 40
2025/05/21 21:40:10 [notice] 1#1: start worker process 41
2025/05/21 21:40:10 [notice] 1#1: start worker process 42
2025/05/21 21:40:10 [notice] 1#1: start worker process 43
2025/05/21 21:40:10 [notice] 1#1: start worker process 44
2025/05/21 21:40:10 [notice] 1#1: start worker process 45
2025/05/21 21:40:10 [notice] 1#1: start worker process 46
2025/05/21 21:40:10 [notice] 1#1: start worker process 47
2025/05/21 21:40:10 [notice] 1#1: start worker process 48
2025/05/21 21:40:10 [notice] 1#1: start worker process 49
2025/05/21 21:40:10 [notice] 1#1: start worker process 50
2025/05/21 21:40:10 [notice] 1#1: start worker process 51
2025/05/21 21:59:22 [error] 28#28: *237 connect() failed (111: Connection refused) while connecting to upstream, client: 172.27.0.1, server: localhost, request: "OPTIONS /api/ticket/2 HTTP/1.1", upstream: "fastcgi://172.27.0.5:9000", host: "localhost", referrer: "http://localhost:5173/"
2025/05/22 08:29:07 [notice] 1#1: using the "epoll" event method
2025/05/22 08:29:07 [notice] 1#1: nginx/1.25.5
2025/05/22 08:29:07 [notice] 1#1: built by gcc 12.2.0 (Debian 12.2.0-14) 
2025/05/22 08:29:07 [notice] 1#1: OS: Linux 5.15.167.4-microsoft-standard-WSL2
2025/05/22 08:29:07 [notice] 1#1: getrlimit(RLIMIT_NOFILE): 1048576:1048576
2025/05/22 08:29:07 [notice] 1#1: start worker processes
2025/05/22 08:29:07 [notice] 1#1: start worker process 28
2025/05/22 08:29:07 [notice] 1#1: start worker process 29
2025/05/22 08:29:07 [notice] 1#1: start worker process 30
2025/05/22 08:29:07 [notice] 1#1: start worker process 31
2025/05/22 08:29:07 [notice] 1#1: start worker process 32
2025/05/22 08:29:07 [notice] 1#1: start worker process 33
2025/05/22 08:29:07 [notice] 1#1: start worker process 34
2025/05/22 08:29:07 [notice] 1#1: start worker process 35
2025/05/22 08:29:07 [notice] 1#1: start worker process 36
2025/05/22 08:29:07 [notice] 1#1: start worker process 37
2025/05/22 08:29:07 [notice] 1#1: start worker process 38
2025/05/22 08:29:07 [notice] 1#1: start worker process 39
2025/05/22 08:29:07 [notice] 1#1: start worker process 40
2025/05/22 08:29:07 [notice] 1#1: start worker process 41
2025/05/22 08:29:07 [notice] 1#1: start worker process 42
2025/05/22 08:29:07 [notice] 1#1: start worker process 43
2025/05/22 08:29:07 [notice] 1#1: start worker process 44
2025/05/22 08:29:07 [notice] 1#1: start worker process 45
2025/05/22 08:29:07 [notice] 1#1: start worker process 46
2025/05/22 08:29:07 [notice] 1#1: start worker process 47
2025/05/22 08:29:07 [notice] 1#1: start worker process 48
2025/05/22 08:29:07 [notice] 1#1: start worker process 49
2025/05/22 08:29:07 [notice] 1#1: start worker process 50
2025/05/22 08:29:07 [notice] 1#1: start worker process 51
